TN:
SF:/projects/ai/greentic-ng/greentic-messaging-providers/components/messaging-ingress-slack/src/bindings.rs
FNF:0
DA:3537,0
DA:3538,0
DA:3539,0
DA:3540,0
DA:3542,0
DA:3543,0
DA:3545,0
DA:3546,0
DA:3547,0
DA:3548,0
DA:3549,0
DA:3550,0
DA:3551,0
DA:3552,0
DA:3553,0
DA:3554,0
DA:3555,0
DA:3556,0
DA:3557,0
DA:3558,0
DA:3560,0
DA:3561,0
DA:3562,0
DA:3563,0
DA:3564,0
DA:3565,0
DA:3566,0
DA:3567,0
DA:3568,0
DA:3569,0
DA:3570,0
DA:3571,0
DA:3574,0
DA:3578,0
DA:3579,0
DA:3580,0
DA:3581,0
DA:3582,0
DA:3583,0
DA:3584,0
DA:3585,0
DA:3586,0
DA:3587,0
DA:3588,0
DA:3590,0
DA:3591,0
DA:3592,0
DA:3593,0
DA:3594,0
DA:3595,0
DA:3596,0
DA:3597,0
DA:3645,0
DA:3646,0
DA:3652,0
DA:3653,0
DA:3658,0
DA:3659,0
DA:3664,0
DA:3665,0
DA:3670,0
DA:3671,0
DA:3676,0
DA:3677,0
DA:3682,0
DA:3683,0
DA:3688,0
DA:3689,0
DA:3694,0
DA:3695,0
DA:3700,0
DA:3701,0
DA:3704,0
DA:3705,0
DA:3711,0
DA:3712,0
DA:3717,0
DA:3718,0
DA:3723,0
DA:3724,0
DA:3741,0
DA:3743,0
DA:3848,0
DA:3849,0
LF:84
LH:0
end_of_record
TN:
SF:/projects/ai/greentic-ng/greentic-messaging-providers/components/messaging-ingress-slack/src/lib.rs
FN:20,<impl Guest for Component>::handle_webhook
FN:44,get_optional_secret
FN:54,verify_signature
FN:74,header_value
FN:88,hex_encode
FNF:5
FNDA:0,<impl Guest for Component>::handle_webhook
FNDA:0,get_optional_secret
FNDA:0,verify_signature
FNDA:0,header_value
FNDA:0,hex_encode
DA:2,0
DA:20,0
DA:21,0
DA:22,0
DA:24,0
DA:25,0
DA:26,0
DA:29,0
DA:30,0
DA:31,0
DA:35,0
DA:36,0
DA:44,0
DA:45,0
DA:46,0
DA:47,0
DA:49,0
DA:50,0
DA:54,0
DA:55,0
DA:56,0
DA:57,0
DA:58,0
DA:60,0
DA:61,0
DA:62,0
DA:63,0
DA:64,0
DA:65,0
DA:67,0
DA:68,0
DA:70,0
DA:74,0
DA:76,0
DA:77,0
DA:78,0
DA:79,0
DA:80,0
DA:81,0
DA:82,0
DA:83,0
DA:84,0
DA:88,0
DA:89,0
DA:90,0
DA:91,0
DA:93,0
LF:47
LH:0
end_of_record
TN:
SF:/projects/ai/greentic-ng/greentic-messaging-providers/components/messaging-ingress-teams/src/bindings.rs
FNF:0
DA:3537,0
DA:3538,0
DA:3539,0
DA:3540,0
DA:3542,0
DA:3543,0
DA:3545,0
DA:3546,0
DA:3547,0
DA:3548,0
DA:3549,0
DA:3550,0
DA:3551,0
DA:3552,0
DA:3553,0
DA:3554,0
DA:3555,0
DA:3556,0
DA:3557,0
DA:3558,0
DA:3560,0
DA:3561,0
DA:3562,0
DA:3563,0
DA:3564,0
DA:3565,0
DA:3566,0
DA:3567,0
DA:3568,0
DA:3569,0
DA:3570,0
DA:3571,0
DA:3574,0
DA:3578,0
DA:3579,0
DA:3580,0
DA:3581,0
DA:3582,0
DA:3583,0
DA:3584,0
DA:3585,0
DA:3586,0
DA:3587,0
DA:3588,0
DA:3590,0
DA:3591,0
DA:3592,0
DA:3593,0
DA:3594,0
DA:3595,0
DA:3596,0
DA:3597,0
DA:3654,0
DA:3655,0
DA:3656,0
DA:3657,0
DA:3659,0
DA:3660,0
DA:3662,0
DA:3663,0
DA:3664,0
DA:3665,0
DA:3666,0
DA:3667,0
DA:3668,0
DA:3669,0
DA:3670,0
DA:3671,0
DA:3672,0
DA:3673,0
DA:3674,0
DA:3675,0
DA:3677,0
DA:3678,0
DA:3679,0
DA:3680,0
DA:3681,0
DA:3682,0
DA:3683,0
DA:3684,0
DA:3685,0
DA:3686,0
DA:3687,0
DA:3688,0
DA:3691,0
DA:3695,0
DA:3696,0
DA:3697,0
DA:3698,0
DA:3699,0
DA:3700,0
DA:3701,0
DA:3702,0
DA:3703,0
DA:3704,0
DA:3705,0
DA:3707,0
DA:3708,0
DA:3709,0
DA:3710,0
DA:3711,0
DA:3712,0
DA:3713,0
DA:3714,0
DA:3762,0
DA:3763,0
DA:3769,0
DA:3770,0
DA:3775,0
DA:3776,0
DA:3781,0
DA:3782,0
DA:3787,0
DA:3788,0
DA:3793,0
DA:3794,0
DA:3799,0
DA:3800,0
DA:3805,0
DA:3806,0
DA:3811,0
DA:3812,0
DA:3817,0
DA:3818,0
DA:3821,0
DA:3822,0
DA:3828,0
DA:3829,0
DA:3834,0
DA:3835,0
DA:3840,0
DA:3841,0
DA:3858,0
DA:3860,0
DA:3973,0
DA:3974,0
LF:136
LH:0
end_of_record
TN:
SF:/projects/ai/greentic-ng/greentic-messaging-providers/components/messaging-ingress-teams/src/lib.rs
FN:58,<impl IngressGuest for Component>::handle_webhook
FN:68,<impl SubscriptionsGuest for Component>::sync_subscriptions
FN:130,parse_config
FN:137,parse_state
FN:144,parse_desired_subscriptions
FN:180,desired_specs_to_json
FN:187,existing_subscriptions_to_json
FN:203,find_matching
FN:219,acquire_token
FN:253,send_token_request
FN:279,list_subscriptions
FN:331,create_subscription
FN:394,renew_subscription
FN:423,write_state
FN:430,get_secret
FNF:15
FNDA:0,<impl IngressGuest for Component>::handle_webhook
FNDA:0,<impl SubscriptionsGuest for Component>::sync_subscriptions
FNDA:0,parse_config
FNDA:0,parse_state
FNDA:0,parse_desired_subscriptions
FNDA:0,desired_specs_to_json
FNDA:0,existing_subscriptions_to_json
FNDA:0,find_matching
FNDA:0,acquire_token
FNDA:0,send_token_request
FNDA:0,list_subscriptions
FNDA:0,create_subscription
FNDA:0,renew_subscription
FNDA:0,write_state
FNDA:0,get_secret
DA:2,0
DA:58,0
DA:59,0
DA:60,0
DA:61,0
DA:62,0
DA:63,0
DA:68,0
DA:69,0
DA:70,0
DA:71,0
DA:73,0
DA:74,0
DA:75,0
DA:76,0
DA:77,0
DA:80,0
DA:81,0
DA:82,0
DA:84,0
DA:85,0
DA:86,0
DA:87,0
DA:88,0
DA:97,0
DA:98,0
DA:105,0
DA:109,0
DA:112,0
DA:113,0
DA:117,0
DA:118,0
DA:119,0
DA:130,0
DA:131,0
DA:132,0
DA:134,0
DA:137,0
DA:138,0
DA:139,0
DA:141,0
DA:144,0
DA:147,0
DA:153,0
DA:154,0
DA:155,0
DA:156,0
DA:157,0
DA:158,0
DA:159,0
DA:160,0
DA:161,0
DA:163,0
DA:164,0
DA:165,0
DA:167,0
DA:168,0
DA:169,0
DA:170,0
DA:171,0
DA:172,0
DA:173,0
DA:174,0
DA:180,0
DA:184,0
DA:187,0
DA:190,0
DA:191,0
DA:200,0
DA:203,0
DA:208,0
DA:209,0
DA:210,0
DA:211,0
DA:212,0
DA:213,0
DA:214,0
DA:215,0
DA:219,0
DA:220,0
DA:223,0
DA:224,0
DA:225,0
DA:228,0
DA:230,0
DA:231,0
DA:233,0
DA:234,0
DA:235,0
DA:237,0
DA:238,0
DA:240,0
DA:243,0
DA:244,0
DA:246,0
DA:247,0
DA:248,0
DA:250,0
DA:253,0
DA:255,0
DA:256,0
DA:257,0
DA:261,0
DA:264,0
DA:265,0
DA:266,0
DA:267,0
DA:269,0
DA:270,0
DA:272,0
DA:274,0
DA:275,0
DA:276,0
DA:279,0
DA:283,0
DA:286,0
DA:287,0
DA:289,0
DA:291,0
DA:294,0
DA:295,0
DA:296,0
DA:297,0
DA:299,0
DA:300,0
DA:301,0
DA:304,0
DA:307,0
DA:308,0
DA:309,0
DA:310,0
DA:311,0
DA:312,0
DA:313,0
DA:314,0
DA:315,0
DA:316,0
DA:318,0
DA:319,0
DA:320,0
DA:322,0
DA:323,0
DA:324,0
DA:328,0
DA:331,0
DA:337,0
DA:340,0
DA:341,0
DA:342,0
DA:345,0
DA:347,0
DA:353,0
DA:354,0
DA:357,0
DA:361,0
DA:363,0
DA:367,0
DA:369,0
DA:370,0
DA:371,0
DA:372,0
DA:374,0
DA:375,0
DA:377,0
DA:379,0
DA:380,0
DA:381,0
DA:382,0
DA:383,0
DA:384,0
DA:386,0
DA:387,0
DA:388,0
DA:389,0
DA:390,0
DA:394,0
DA:400,0
DA:403,0
DA:404,0
DA:405,0
DA:407,0
DA:409,0
DA:413,0
DA:415,0
DA:416,0
DA:417,0
DA:418,0
DA:420,0
DA:423,0
DA:424,0
DA:425,0
DA:426,0
DA:427,0
DA:430,0
DA:431,0
DA:432,0
DA:433,0
DA:434,0
LF:198
LH:0
end_of_record
TN:
SF:/projects/ai/greentic-ng/greentic-messaging-providers/components/messaging-ingress-telegram/src/bindings.rs
FNF:0
DA:3537,0
DA:3538,0
DA:3539,0
DA:3540,0
DA:3542,0
DA:3543,0
DA:3545,0
DA:3546,0
DA:3547,0
DA:3548,0
DA:3549,0
DA:3550,0
DA:3551,0
DA:3552,0
DA:3553,0
DA:3554,0
DA:3555,0
DA:3556,0
DA:3557,0
DA:3558,0
DA:3560,0
DA:3561,0
DA:3562,0
DA:3563,0
DA:3564,0
DA:3565,0
DA:3566,0
DA:3567,0
DA:3568,0
DA:3569,0
DA:3570,0
DA:3571,0
DA:3574,0
DA:3578,0
DA:3579,0
DA:3580,0
DA:3581,0
DA:3582,0
DA:3583,0
DA:3584,0
DA:3585,0
DA:3586,0
DA:3587,0
DA:3588,0
DA:3590,0
DA:3591,0
DA:3592,0
DA:3593,0
DA:3594,0
DA:3595,0
DA:3596,0
DA:3597,0
DA:3645,0
DA:3646,0
DA:3652,0
DA:3653,0
DA:3658,0
DA:3659,0
DA:3664,0
DA:3665,0
DA:3670,0
DA:3671,0
DA:3676,0
DA:3677,0
DA:3682,0
DA:3683,0
DA:3688,0
DA:3689,0
DA:3694,0
DA:3695,0
DA:3700,0
DA:3701,0
DA:3704,0
DA:3705,0
DA:3711,0
DA:3712,0
DA:3717,0
DA:3718,0
DA:3723,0
DA:3724,0
DA:3741,0
DA:3743,0
DA:3848,0
DA:3849,0
LF:84
LH:0
end_of_record
TN:
SF:/projects/ai/greentic-ng/greentic-messaging-providers/components/messaging-ingress-telegram/src/lib.rs
FN:15,<impl Guest for Component>::handle_webhook
FNF:1
FNDA:0,<impl Guest for Component>::handle_webhook
DA:2,0
DA:15,0
DA:16,0
DA:17,0
DA:18,0
DA:19,0
DA:20,0
LF:7
LH:0
end_of_record
TN:
SF:/projects/ai/greentic-ng/greentic-messaging-providers/components/messaging-ingress-whatsapp/src/bindings.rs
FNF:0
DA:3537,0
DA:3538,0
DA:3539,0
DA:3540,0
DA:3542,0
DA:3543,0
DA:3545,0
DA:3546,0
DA:3547,0
DA:3548,0
DA:3549,0
DA:3550,0
DA:3551,0
DA:3552,0
DA:3553,0
DA:3554,0
DA:3555,0
DA:3556,0
DA:3557,0
DA:3558,0
DA:3560,0
DA:3561,0
DA:3562,0
DA:3563,0
DA:3564,0
DA:3565,0
DA:3566,0
DA:3567,0
DA:3568,0
DA:3569,0
DA:3570,0
DA:3571,0
DA:3574,0
DA:3578,0
DA:3579,0
DA:3580,0
DA:3581,0
DA:3582,0
DA:3583,0
DA:3584,0
DA:3585,0
DA:3586,0
DA:3587,0
DA:3588,0
DA:3590,0
DA:3591,0
DA:3592,0
DA:3593,0
DA:3594,0
DA:3595,0
DA:3596,0
DA:3597,0
DA:3645,0
DA:3646,0
DA:3652,0
DA:3653,0
DA:3658,0
DA:3659,0
DA:3664,0
DA:3665,0
DA:3670,0
DA:3671,0
DA:3676,0
DA:3677,0
DA:3682,0
DA:3683,0
DA:3688,0
DA:3689,0
DA:3694,0
DA:3695,0
DA:3700,0
DA:3701,0
DA:3704,0
DA:3705,0
DA:3711,0
DA:3712,0
DA:3717,0
DA:3718,0
DA:3723,0
DA:3724,0
DA:3741,0
DA:3743,0
DA:3848,0
DA:3849,0
LF:84
LH:0
end_of_record
TN:
SF:/projects/ai/greentic-ng/greentic-messaging-providers/components/messaging-ingress-whatsapp/src/lib.rs
FN:18,<impl Guest for Component>::handle_webhook
FN:46,get_secret
FNF:2
FNDA:0,<impl Guest for Component>::handle_webhook
FNDA:0,get_secret
DA:2,0
DA:18,0
DA:19,0
DA:20,0
DA:22,0
DA:23,0
DA:25,0
DA:27,0
DA:28,0
DA:30,0
DA:31,0
DA:32,0
DA:36,0
DA:37,0
DA:38,0
DA:46,0
DA:47,0
DA:48,0
DA:49,0
DA:50,0
LF:20
LH:0
end_of_record
TN:
SF:/projects/ai/greentic-ng/greentic-messaging-providers/components/messaging-provider-dummy/src/bindings.rs
FN:17,exports::greentic::component::descriptor::_export_describe_cabi
FN:31,exports::greentic::component::descriptor::__post_return_describe
FN:85,exports::greentic::component::runtime::_export_invoke_cabi
FN:103,exports::greentic::component::runtime::__post_return_invoke
FNF:4
FNDA:0,exports::greentic::component::descriptor::_export_describe_cabi
FNDA:0,exports::greentic::component::descriptor::__post_return_describe
FNDA:0,exports::greentic::component::runtime::_export_invoke_cabi
FNDA:0,exports::greentic::component::runtime::__post_return_invoke
DA:17,0
DA:19,0
DA:20,0
DA:21,0
DA:22,0
DA:23,0
DA:24,0
DA:25,0
DA:26,0
DA:27,0
DA:31,0
DA:32,0
DA:33,0
DA:34,0
DA:35,0
DA:36,0
DA:37,0
DA:38,0
DA:85,0
DA:86,0
DA:87,0
DA:89,0
DA:90,0
DA:92,0
DA:93,0
DA:94,0
DA:95,0
DA:96,0
DA:97,0
DA:98,0
DA:99,0
DA:103,0
DA:104,0
DA:105,0
DA:106,0
DA:107,0
DA:108,0
DA:109,0
DA:110,0
DA:187,0
DA:189,0
DA:190,0
DA:191,0
DA:192,0
DA:193,0
DA:194,0
DA:195,0
DA:196,0
DA:197,0
DA:201,0
DA:202,0
DA:203,0
DA:204,0
DA:205,0
DA:206,0
DA:207,0
DA:208,0
DA:218,0
DA:220,0
DA:221,0
DA:223,0
DA:224,0
DA:225,0
DA:226,0
DA:227,0
DA:228,0
DA:229,0
DA:230,0
DA:234,0
DA:235,0
DA:236,0
DA:237,0
DA:238,0
DA:239,0
DA:240,0
DA:241,0
DA:295,0
DA:297,0
DA:298,0
DA:299,0
DA:300,0
DA:302,0
DA:303,0
DA:305,0
DA:306,0
DA:307,0
DA:308,0
DA:310,0
DA:312,0
DA:314,0
DA:315,0
DA:316,0
DA:318,0
DA:319,0
DA:320,0
DA:321,0
DA:322,0
DA:323,0
DA:324,0
DA:325,0
DA:328,0
DA:329,0
DA:330,0
DA:334,0
DA:335,0
DA:336,0
DA:337,0
DA:338,0
DA:339,0
DA:340,0
DA:341,0
DA:342,0
DA:343,0
DA:345,0
DA:346,0
DA:347,0
DA:348,0
DA:349,0
DA:353,0
DA:354,0
DA:355,0
DA:365,0
DA:366,0
DA:367,0
DA:368,0
DA:369,0
DA:370,0
DA:371,0
DA:372,0
DA:373,0
DA:374,0
DA:375,0
DA:379,0
DA:380,0
DA:381,0
DA:382,0
DA:383,0
DA:384,0
DA:385,0
DA:386,0
DA:519,0
DA:520,0
LF:142
LH:0
end_of_record
TN:
SF:/projects/ai/greentic-ng/greentic-messaging-providers/components/messaging-provider-dummy/src/lib.rs
FN:173,<impl Guest for Component>::qa_spec
FN:177,<impl Guest for Component>::apply_answers
FN:193,<impl Guest for Component>::i18n_keys
FN:197,<impl Guest for Component>::i18n_bundle
FN:204,<impl Guest for Component>::describe
FN:208,<impl Guest for Component>::validate_config
FN:212,<impl Guest for Component>::healthcheck
FN:216,<impl Guest for Component>::invoke
FN:282,build_describe_payload
FN:314,build_qa_spec
FN:327,input_schema
FN:343,output_schema
FN:369,config_schema
FN:404,default_config_out
FN:412,validate_config_out
FN:426,apply_answers_impl
FNF:16
FNDA:0,<impl Guest for Component>::qa_spec
FNDA:1,<impl Guest for Component>::apply_answers
FNDA:0,<impl Guest for Component>::i18n_keys
FNDA:0,<impl Guest for Component>::i18n_bundle
FNDA:0,<impl Guest for Component>::describe
FNDA:0,<impl Guest for Component>::validate_config
FNDA:0,<impl Guest for Component>::healthcheck
FNDA:0,<impl Guest for Component>::invoke
FNDA:2,build_describe_payload
FNDA:1,build_qa_spec
FNDA:2,input_schema
FNDA:2,output_schema
FNDA:2,config_schema
FNDA:1,default_config_out
FNDA:2,validate_config_out
FNDA:3,apply_answers_impl
DA:10,0
DA:133,0
DA:134,0
DA:139,0
DA:140,0
DA:141,0
DA:143,0
DA:144,0
DA:148,0
DA:149,0
DA:150,0
DA:151,0
DA:153,0
DA:154,0
DA:159,0
DA:161,0
DA:164,0
DA:166,0
DA:167,0
DA:173,0
DA:174,0
DA:177,1
DA:182,3
DA:183,1
DA:184,0
DA:185,1
DA:186,1
DA:188,3
DA:193,0
DA:194,0
DA:197,0
DA:198,0
DA:204,0
DA:205,0
DA:208,0
DA:209,0
DA:212,0
DA:213,0
DA:216,0
DA:218,0
DA:219,0
DA:227,0
DA:229,0
DA:230,0
DA:232,0
DA:233,0
DA:235,0
DA:237,0
DA:238,0
DA:239,0
DA:240,0
DA:242,0
DA:243,0
DA:245,0
DA:248,0
DA:250,0
DA:252,0
DA:254,0
DA:255,0
DA:282,2
DA:283,2
DA:284,2
DA:285,2
DA:286,2
DA:289,2
DA:290,1
DA:291,3
DA:299,3
DA:314,1
DA:318,1
DA:319,1
DA:320,1
DA:321,1
DA:322,1
DA:324,1
DA:327,2
DA:331,4
DA:334,2
DA:343,2
DA:347,4
DA:351,2
DA:359,2
DA:369,2
DA:373,4
DA:377,2
DA:385,2
DA:393,1
DA:404,1
DA:407,1
DA:408,1
DA:412,2
DA:413,2
DA:414,0
DA:416,2
DA:417,0
DA:419,4
DA:421,1
DA:423,1
DA:426,3
DA:427,6
DA:428,3
DA:429,0
DA:430,0
DA:431,0
DA:436,6
DA:437,2
DA:438,1
DA:439,1
DA:440,1
DA:444,3
DA:445,2
DA:446,5
DA:448,5
DA:449,1
DA:450,1
DA:451,1
DA:452,1
DA:453,1
DA:454,1
DA:457,2
DA:458,2
DA:459,1
DA:460,1
DA:461,1
DA:462,1
DA:464,2
DA:465,0
DA:467,2
DA:468,0
DA:472,3
DA:473,2
DA:478,2
LF:132
LH:72
end_of_record
TN:
SF:/projects/ai/greentic-ng/greentic-messaging-providers/components/messaging-provider-email/src/auth.rs
FN:14,acquire_graph_token
FN:38,acquire_graph_token_from_store
FN:102,graph_token_endpoint
FN:122,get_secret_any_case
FN:126,get_secret
FN:134,request_token
FNF:6
FNDA:0,acquire_graph_token
FNDA:0,acquire_graph_token_from_store
FNDA:0,graph_token_endpoint
FNDA:0,get_secret_any_case
FNDA:0,get_secret
FNDA:0,request_token
DA:14,0
DA:18,0
DA:19,0
DA:20,0
DA:21,0
DA:22,0
DA:23,0
DA:25,0
DA:26,0
DA:27,0
DA:29,0
DA:30,0
DA:32,0
DA:38,0
DA:39,0
DA:42,0
DA:43,0
DA:44,0
DA:45,0
DA:46,0
DA:49,0
DA:50,0
DA:51,0
DA:52,0
DA:55,0
DA:56,0
DA:59,0
DA:60,0
DA:62,0
DA:63,0
DA:65,0
DA:68,0
DA:71,0
DA:72,0
DA:73,0
DA:74,0
DA:75,0
DA:77,0
DA:78,0
DA:79,0
DA:81,0
DA:82,0
DA:84,0
DA:85,0
DA:90,0
DA:92,0
DA:93,0
DA:95,0
DA:96,0
DA:97,0
DA:99,0
DA:102,0
DA:103,0
DA:104,0
DA:106,0
DA:109,0
DA:110,0
DA:111,0
DA:114,0
DA:115,0
DA:117,0
DA:118,0
DA:122,0
DA:123,0
DA:126,0
DA:127,0
DA:128,0
DA:129,0
DA:130,0
DA:134,0
DA:136,0
DA:137,0
DA:138,0
DA:142,0
DA:144,0
DA:145,0
DA:146,0
DA:147,0
DA:150,0
DA:152,0
DA:157,0
DA:158,0
DA:162,0
DA:163,0
DA:164,0
LF:85
LH:0
end_of_record
TN:
SF:/projects/ai/greentic-ng/greentic-messaging-providers/components/messaging-provider-email/src/bindings.rs
FNF:0
DA:1217,0
DA:1219,0
DA:1220,0
DA:1221,0
DA:1222,0
DA:1223,0
DA:1224,0
DA:1225,0
DA:1226,0
DA:1227,0
DA:1231,0
DA:1232,0
DA:1233,0
DA:1234,0
DA:1235,0
DA:1236,0
DA:1237,0
DA:1238,0
DA:1285,0
DA:1286,0
DA:1287,0
DA:1289,0
DA:1290,0
DA:1292,0
DA:1293,0
DA:1294,0
DA:1295,0
DA:1296,0
DA:1297,0
DA:1298,0
DA:1299,0
DA:1303,0
DA:1304,0
DA:1305,0
DA:1306,0
DA:1307,0
DA:1308,0
DA:1309,0
DA:1310,0
DA:1387,0
DA:1389,0
DA:1390,0
DA:1391,0
DA:1392,0
DA:1393,0
DA:1394,0
DA:1395,0
DA:1396,0
DA:1397,0
DA:1401,0
DA:1402,0
DA:1403,0
DA:1404,0
DA:1405,0
DA:1406,0
DA:1407,0
DA:1408,0
DA:1418,0
DA:1420,0
DA:1421,0
DA:1423,0
DA:1424,0
DA:1425,0
DA:1426,0
DA:1427,0
DA:1428,0
DA:1429,0
DA:1430,0
DA:1434,0
DA:1435,0
DA:1436,0
DA:1437,0
DA:1438,0
DA:1439,0
DA:1440,0
DA:1441,0
DA:1495,0
DA:1497,0
DA:1498,0
DA:1499,0
DA:1500,0
DA:1502,0
DA:1503,0
DA:1505,0
DA:1506,0
DA:1507,0
DA:1508,0
DA:1510,0
DA:1512,0
DA:1514,0
DA:1515,0
DA:1516,0
DA:1518,0
DA:1519,0
DA:1520,0
DA:1521,0
DA:1522,0
DA:1523,0
DA:1524,0
DA:1525,0
DA:1528,0
DA:1529,0
DA:1530,0
DA:1534,0
DA:1535,0
DA:1536,0
DA:1537,0
DA:1538,0
DA:1539,0
DA:1540,0
DA:1541,0
DA:1542,0
DA:1543,0
DA:1545,0
DA:1546,0
DA:1547,0
DA:1548,0
DA:1549,0
DA:1553,0
DA:1554,0
DA:1555,0
DA:1565,0
DA:1566,0
DA:1567,0
DA:1568,0
DA:1569,0
DA:1570,0
DA:1571,0
DA:1572,0
DA:1573,0
DA:1574,0
DA:1575,0
DA:1579,0
DA:1580,0
DA:1581,0
DA:1582,0
DA:1583,0
DA:1584,0
DA:1585,0
DA:1586,0
DA:1638,0
DA:1639,0
DA:1645,0
DA:1646,0
DA:1651,0
DA:1652,0
DA:1657,0
DA:1658,0
DA:1663,0
DA:1664,0
DA:1669,0
DA:1670,0
DA:1675,0
DA:1676,0
DA:1681,0
DA:1682,0
DA:1687,0
DA:1688,0
DA:1693,0
DA:1694,0
DA:1697,0
DA:1698,0
DA:1704,0
DA:1705,0
DA:1710,0
DA:1711,0
DA:1716,0
DA:1717,0
DA:1734,0
DA:1736,0
DA:1845,0
DA:1846,0
LF:172
LH:0
end_of_record
TN:
SF:/projects/ai/greentic-ng/greentic-messaging-providers/components/messaging-provider-email/src/config.rs
FNF:0
DA:60,1
DA:61,1
DA:69,2
DA:70,5
DA:71,5
DA:72,1
DA:75,1
DA:76,3
DA:77,1
DA:78,1
DA:81,1
DA:82,1
DA:83,1
DA:85,0
DA:86,0
DA:105,0
DA:106,0
DA:109,0
DA:110,0
DA:112,0
DA:115,1
DA:118,1
DA:119,1
DA:120,1
DA:121,1
DA:122,1
DA:123,1
DA:129,1
DA:130,2
DA:131,0
DA:133,2
DA:134,0
DA:136,2
DA:137,0
DA:139,2
DA:140,0
DA:142,2
DA:143,0
DA:145,2
DA:146,2
DA:148,1
DA:149,1
DA:152,1
DA:155,1
DA:156,2
DA:157,0
DA:159,3
DA:160,0
DA:162,4
DA:163,0
DA:165,4
DA:166,0
DA:168,4
DA:169,0
DA:171,2
DA:178,0
DA:179,0
DA:180,0
DA:182,0
DA:183,0
DA:184,0
DA:186,0
DA:187,0
DA:189,0
DA:190,0
DA:192,0
DA:193,0
DA:195,0
DA:196,0
DA:198,0
DA:200,0
DA:201,0
DA:203,0
DA:204,0
DA:205,0
DA:206,0
DA:207,0
DA:208,0
DA:209,0
DA:210,0
DA:211,0
DA:212,0
DA:213,0
DA:214,0
DA:215,0
LF:85
LH:38
end_of_record
TN:
SF:/projects/ai/greentic-ng/greentic-messaging-providers/components/messaging-provider-email/src/describe.rs
FN:95,build_describe_payload
FN:157,build_qa_spec
FN:305,i18n_bundle
FN:309,input_schema
FN:325,output_schema
FN:351,config_schema
FNF:6
FNDA:1,build_describe_payload
FNDA:1,build_qa_spec
FNDA:0,i18n_bundle
FNDA:1,input_schema
FNDA:1,output_schema
FNDA:1,config_schema
DA:95,1
DA:96,1
DA:97,1
DA:98,1
DA:100,1
DA:101,1
DA:102,3
DA:146,1
DA:147,1
DA:148,1
DA:149,3
DA:153,1
DA:157,1
DA:161,1
DA:162,1
DA:163,1
DA:164,1
DA:165,1
DA:167,1
DA:305,0
DA:306,0
DA:309,1
DA:313,2
DA:316,1
DA:325,1
DA:329,2
DA:333,1
DA:341,1
DA:351,1
DA:355,2
DA:359,1
DA:367,1
DA:376,1
DA:384,1
DA:392,1
DA:400,1
DA:408,1
DA:416,1
DA:424,1
LF:39
LH:37
end_of_record
TN:
SF:/projects/ai/greentic-ng/greentic-messaging-providers/components/messaging-provider-email/src/graph.rs
FN:14,graph_base_url
FN:23,graph_post
FN:27,graph_patch
FN:31,graph_delete
FN:35,graph_get
FN:39,graph_request
FN:80,subscription_ensure
FN:157,subscription_renew
FN:212,subscription_delete
FN:252,subscription_error
FN:256,ensure_provider
FN:265,target_expiration
FN:277,clamp_expiration
FN:289,parse_datetime
FN:295,parse_datetime_value
FNF:15
FNDA:0,graph_base_url
FNDA:0,graph_post
FNDA:0,graph_patch
FNDA:0,graph_delete
FNDA:0,graph_get
FNDA:0,graph_request
FNDA:0,subscription_ensure
FNDA:0,subscription_renew
FNDA:0,subscription_delete
FNDA:0,subscription_error
FNDA:0,ensure_provider
FNDA:0,target_expiration
FNDA:0,clamp_expiration
FNDA:0,parse_datetime
FNDA:0,parse_datetime_value
DA:14,0
DA:15,0
DA:18,0
DA:23,0
DA:24,0
DA:27,0
DA:28,0
DA:31,0
DA:32,0
DA:35,0
DA:36,0
DA:39,0
DA:45,0
DA:46,0
DA:47,0
DA:48,0
DA:49,0
DA:51,0
DA:54,0
DA:55,0
DA:59,0
DA:60,0
DA:61,0
DA:62,0
DA:65,0
DA:67,0
DA:70,0
DA:73,0
DA:74,0
DA:75,0
DA:77,0
DA:80,0
DA:81,0
DA:82,0
DA:83,0
DA:84,0
DA:87,0
DA:88,0
DA:89,0
DA:90,0
DA:93,0
DA:94,0
DA:96,0
DA:97,0
DA:98,0
DA:100,0
DA:101,0
DA:102,0
DA:104,0
DA:105,0
DA:107,0
DA:109,0
DA:110,0
DA:111,0
DA:112,0
DA:113,0
DA:118,0
DA:119,0
DA:121,0
DA:122,0
DA:124,0
DA:125,0
DA:126,0
DA:127,0
DA:131,0
DA:132,0
DA:134,0
DA:135,0
DA:137,0
DA:139,0
DA:140,0
DA:141,0
DA:142,0
DA:147,0
DA:149,0
DA:150,0
DA:151,0
DA:152,0
DA:154,0
DA:157,0
DA:158,0
DA:159,0
DA:160,0
DA:161,0
DA:164,0
DA:165,0
DA:166,0
DA:167,0
DA:170,0
DA:171,0
DA:173,0
DA:174,0
DA:175,0
DA:177,0
DA:178,0
DA:179,0
DA:181,0
DA:182,0
DA:183,0
DA:184,0
DA:187,0
DA:189,0
DA:192,0
DA:193,0
DA:194,0
DA:196,0
DA:198,0
DA:199,0
DA:200,0
DA:201,0
DA:204,0
DA:206,0
DA:207,0
DA:209,0
DA:212,0
DA:213,0
DA:214,0
DA:215,0
DA:216,0
DA:219,0
DA:220,0
DA:221,0
DA:222,0
DA:225,0
DA:226,0
DA:228,0
DA:229,0
DA:230,0
DA:232,0
DA:233,0
DA:234,0
DA:236,0
DA:238,0
DA:241,0
DA:242,0
DA:246,0
DA:247,0
DA:249,0
DA:252,0
DA:253,0
DA:256,0
DA:257,0
DA:258,0
DA:262,0
DA:265,0
DA:266,0
DA:267,0
DA:269,0
DA:271,0
DA:272,0
DA:274,0
DA:277,0
DA:278,0
DA:279,0
DA:280,0
DA:281,0
DA:282,0
DA:283,0
DA:285,0
DA:289,0
DA:290,0
DA:292,0
DA:295,0
DA:296,0
LF:164
LH:0
end_of_record
TN:
SF:/projects/ai/greentic-ng/greentic-messaging-providers/components/messaging-provider-email/src/ingress.rs
FN:16,ingest_http
FN:32,handle_validation
FN:54,handle_graph_notifications
FN:98,query_param_value
FN:111,binding_to_user
FN:128,parse_graph_notifications
FN:162,fetch_graph_message
FN:175,channel_message_envelope
FN:243,default_env
FN:247,default_tenant
FNF:10
FNDA:0,ingest_http
FNDA:0,handle_validation
FNDA:0,handle_graph_notifications
FNDA:0,query_param_value
FNDA:0,binding_to_user
FNDA:0,parse_graph_notifications
FNDA:0,fetch_graph_message
FNDA:0,channel_message_envelope
FNDA:0,default_env
FNDA:0,default_tenant
DA:16,0
DA:18,0
DA:19,0
DA:20,0
DA:21,0
DA:22,0
DA:25,0
DA:26,0
DA:27,0
DA:28,0
DA:32,0
DA:33,0
DA:36,0
DA:38,0
DA:39,0
DA:41,0
DA:42,0
DA:43,0
DA:48,0
DA:49,0
DA:51,0
DA:54,0
DA:55,0
DA:56,0
DA:57,0
DA:59,0
DA:60,0
DA:61,0
DA:63,0
DA:64,0
DA:65,0
DA:67,0
DA:68,0
DA:69,0
DA:71,0
DA:72,0
DA:73,0
DA:75,0
DA:76,0
DA:77,0
DA:78,0
DA:79,0
DA:82,0
DA:83,0
DA:86,0
DA:91,0
DA:92,0
DA:95,0
DA:98,0
DA:99,0
DA:100,0
DA:101,0
DA:102,0
DA:103,0
DA:105,0
DA:108,0
DA:111,0
DA:112,0
DA:113,0
DA:114,0
DA:115,0
DA:117,0
DA:119,0
DA:120,0
DA:121,0
DA:122,0
DA:123,0
DA:124,0
DA:128,0
DA:129,0
DA:130,0
DA:131,0
DA:132,0
DA:133,0
DA:134,0
DA:136,0
DA:137,0
DA:138,0
DA:139,0
DA:142,0
DA:145,0
DA:147,0
DA:148,0
DA:149,0
DA:151,0
DA:152,0
DA:153,0
DA:155,0
DA:157,0
DA:159,0
DA:162,0
DA:167,0
DA:168,0
DA:172,0
DA:175,0
DA:181,0
DA:183,0
DA:188,0
DA:191,0
DA:193,0
DA:195,0
DA:197,0
DA:198,0
DA:199,0
DA:201,0
DA:202,0
DA:203,0
DA:204,0
DA:205,0
DA:207,0
DA:208,0
DA:210,0
DA:211,0
DA:212,0
DA:214,0
DA:215,0
DA:216,0
DA:217,0
DA:218,0
DA:219,0
DA:220,0
DA:223,0
DA:226,0
DA:227,0
DA:228,0
DA:229,0
DA:231,0
DA:236,0
DA:237,0
DA:238,0
DA:243,0
DA:244,0
DA:247,0
DA:248,0
LF:134
LH:0
end_of_record
TN:
SF:/projects/ai/greentic-ng/greentic-messaging-providers/components/messaging-provider-email/src/lib.rs
FN:78,<impl Guest for Component>::qa_spec
FN:82,<impl Guest for Component>::apply_answers
FN:91,<impl Guest for Component>::i18n_keys
FN:95,<impl Guest for Component>::i18n_bundle
FN:101,<impl Guest for Component>::describe
FN:105,<impl Guest for Component>::validate_config
FN:109,<impl Guest for Component>::healthcheck
FN:113,<impl Guest for Component>::invoke
FN:137,apply_answers_bridge
FN:148,dispatch_json_invoke
FN:182,apply_answers_impl
FN:302,existing_config_from_answers
FN:310,optional_string_from
FN:326,string_or_default
FNF:14
FNDA:0,<impl Guest for Component>::qa_spec
FNDA:3,<impl Guest for Component>::apply_answers
FNDA:0,<impl Guest for Component>::i18n_keys
FNDA:0,<impl Guest for Component>::i18n_bundle
FNDA:0,<impl Guest for Component>::describe
FNDA:0,<impl Guest for Component>::validate_config
FNDA:0,<impl Guest for Component>::healthcheck
FNDA:0,<impl Guest for Component>::invoke
FNDA:0,apply_answers_bridge
FNDA:0,dispatch_json_invoke
FNDA:3,apply_answers_impl
FNDA:2,existing_config_from_answers
FNDA:1,optional_string_from
FNDA:1,string_or_default
DA:18,6
DA:53,0
DA:54,0
DA:59,0
DA:60,0
DA:61,0
DA:62,0
DA:63,0
DA:64,0
DA:68,0
DA:69,0
DA:70,0
DA:71,0
DA:72,0
DA:73,0
DA:78,0
DA:79,0
DA:82,3
DA:86,3
DA:91,0
DA:92,0
DA:95,0
DA:96,0
DA:101,0
DA:102,0
DA:105,0
DA:106,0
DA:109,0
DA:110,0
DA:113,0
DA:115,0
DA:116,0
DA:124,0
DA:126,0
DA:127,0
DA:137,0
DA:139,0
DA:140,0
DA:141,0
DA:142,0
DA:143,0
DA:145,0
DA:148,0
DA:149,0
DA:150,0
DA:151,0
DA:152,0
DA:153,0
DA:154,0
DA:155,0
DA:156,0
DA:157,0
DA:158,0
DA:159,0
DA:182,3
DA:188,6
DA:189,3
DA:190,0
DA:191,0
DA:193,0
DA:194,0
DA:195,0
DA:196,0
DA:201,6
DA:202,1
DA:204,1
DA:205,1
DA:207,2
DA:208,1
DA:209,1
DA:210,1
DA:211,1
DA:212,1
DA:215,1
DA:216,1
DA:220,3
DA:221,2
DA:222,5
DA:224,3
DA:225,1
DA:226,1
DA:227,1
DA:228,1
DA:229,2
DA:230,1
DA:231,1
DA:232,1
DA:233,1
DA:234,1
DA:235,1
DA:236,1
DA:237,1
DA:238,1
DA:239,1
DA:240,1
DA:241,1
DA:242,1
DA:245,2
DA:246,1
DA:247,0
DA:248,0
DA:249,0
DA:250,0
DA:252,2
DA:253,0
DA:254,0
DA:256,2
DA:257,0
DA:259,2
DA:260,0
DA:261,0
DA:262,0
DA:263,0
DA:264,0
DA:266,2
DA:267,0
DA:269,2
DA:270,0
DA:272,2
DA:273,0
DA:275,3
DA:276,1
DA:278,2
DA:279,0
DA:283,2
DA:284,1
DA:286,1
DA:287,1
DA:288,1
DA:289,1
DA:293,1
DA:295,1
DA:296,1
DA:297,1
DA:298,1
DA:302,2
DA:306,4
DA:307,3
DA:310,1
DA:311,1
DA:312,1
DA:313,1
DA:314,1
DA:315,2
DA:316,0
DA:318,1
DA:321,0
DA:322,0
DA:326,1
DA:328,1
DA:329,1
DA:330,1
DA:331,3
DA:332,1
DA:333,3
LF:155
LH:79
end_of_record
TN:
SF:/projects/ai/greentic-ng/greentic-messaging-providers/components/messaging-provider-email/src/ops.rs
FN:20,handle_send
FN:116,handle_reply
FN:179,render_plan
FN:197,encode_op
FN:301,send_payload
FN:390,build_channel_envelope
FN:430,hex_sha256
FN:440,pseudo_uuid_from_hex
FN:456,default_env
FN:460,default_tenant
FN:477,ac_to_email_html
FN:512,email_element_to_html
FN:835,email_action_buttons
FN:871,html_escape
FNF:14
FNDA:0,handle_send
FNDA:0,handle_reply
FNDA:0,render_plan
FNDA:0,encode_op
FNDA:0,send_payload
FNDA:0,build_channel_envelope
FNDA:0,hex_sha256
FNDA:0,pseudo_uuid_from_hex
FNDA:0,default_env
FNDA:0,default_tenant
FNDA:0,ac_to_email_html
FNDA:0,email_element_to_html
FNDA:0,email_action_buttons
FNDA:0,html_escape
DA:20,0
DA:21,0
DA:22,0
DA:23,0
DA:24,0
DA:28,0
DA:29,0
DA:30,0
DA:32,0
DA:33,0
DA:36,0
DA:37,0
DA:38,0
DA:39,0
DA:41,0
DA:42,0
DA:43,0
DA:47,0
DA:48,0
DA:51,0
DA:54,0
DA:55,0
DA:56,0
DA:57,0
DA:58,0
DA:59,0
DA:62,0
DA:63,0
DA:64,0
DA:65,0
DA:68,0
DA:69,0
DA:70,0
DA:73,0
DA:74,0
DA:75,0
DA:77,0
DA:78,0
DA:79,0
DA:81,0
DA:85,0
DA:89,0
DA:91,0
DA:101,0
DA:102,0
DA:103,0
DA:105,0
DA:116,0
DA:117,0
DA:118,0
DA:119,0
DA:120,0
DA:124,0
DA:125,0
DA:126,0
DA:128,0
DA:129,0
DA:132,0
DA:133,0
DA:134,0
DA:138,0
DA:143,0
DA:148,0
DA:149,0
DA:153,0
DA:164,0
DA:165,0
DA:166,0
DA:168,0
DA:179,0
DA:197,0
DA:200,0
DA:201,0
DA:202,0
DA:206,0
DA:209,0
DA:211,0
DA:212,0
DA:214,0
DA:217,0
DA:218,0
DA:227,0
DA:229,0
DA:230,0
DA:231,0
DA:235,0
DA:238,0
DA:239,0
DA:240,0
DA:241,0
DA:242,0
DA:243,0
DA:244,0
DA:245,0
DA:246,0
DA:247,0
DA:248,0
DA:249,0
DA:250,0
DA:251,0
DA:252,0
DA:254,0
DA:255,0
DA:259,0
DA:262,0
DA:263,0
DA:265,0
DA:266,0
DA:268,0
DA:272,0
DA:273,0
DA:274,0
DA:275,0
DA:276,0
DA:279,0
DA:280,0
DA:283,0
DA:285,0
DA:286,0
DA:287,0
DA:288,0
DA:289,0
DA:290,0
DA:291,0
DA:295,0
DA:301,0
DA:302,0
DA:303,0
DA:304,0
DA:305,0
DA:308,0
DA:309,0
DA:311,0
DA:312,0
DA:313,0
DA:314,0
DA:317,0
DA:320,0
DA:326,0
DA:332,0
DA:335,0
DA:336,0
DA:338,0
DA:339,0
DA:342,0
DA:343,0
DA:344,0
DA:346,0
DA:347,0
DA:349,0
DA:351,0
DA:352,0
DA:353,0
DA:355,0
DA:357,0
DA:359,0
DA:371,0
DA:374,0
DA:375,0
DA:376,0
DA:378,0
DA:380,0
DA:381,0
DA:384,0
DA:385,0
DA:387,0
DA:390,0
DA:391,0
DA:393,0
DA:394,0
DA:395,0
DA:396,0
DA:397,0
DA:398,0
DA:402,0
DA:403,0
DA:404,0
DA:407,0
DA:408,0
DA:409,0
DA:410,0
DA:411,0
DA:413,0
DA:414,0
DA:415,0
DA:416,0
DA:419,0
DA:425,0
DA:430,0
DA:431,0
DA:432,0
DA:433,0
DA:435,0
DA:437,0
DA:440,0
DA:441,0
DA:442,0
DA:444,0
DA:446,0
DA:448,0
DA:449,0
DA:450,0
DA:451,0
DA:452,0
DA:456,0
DA:457,0
DA:460,0
DA:461,0
DA:477,0
DA:478,0
DA:479,0
DA:480,0
DA:482,0
DA:484,0
DA:485,0
DA:486,0
DA:489,0
DA:490,0
DA:491,0
DA:492,0
DA:494,0
DA:499,0
DA:500,0
DA:503,0
DA:504,0
DA:512,0
DA:515,0
DA:519,0
DA:522,0
DA:525,0
DA:528,0
DA:529,0
DA:531,0
DA:532,0
DA:535,0
DA:538,0
DA:540,0
DA:541,0
DA:542,0
DA:544,0
DA:547,0
DA:548,0
DA:551,0
DA:552,0
DA:555,0
DA:556,0
DA:559,0
DA:560,0
DA:564,0
DA:570,0
DA:571,0
DA:572,0
DA:573,0
DA:574,0
DA:576,0
DA:577,0
DA:579,0
DA:582,0
DA:583,0
DA:585,0
DA:586,0
DA:588,0
DA:590,0
DA:592,0
DA:595,0
DA:597,0
DA:599,0
DA:602,0
DA:604,0
DA:606,0
DA:607,0
DA:609,0
DA:614,0
DA:616,0
DA:619,0
DA:621,0
DA:622,0
DA:623,0
DA:625,0
DA:628,0
DA:630,0
DA:633,0
DA:635,0
DA:636,0
DA:641,0
DA:642,0
DA:645,0
DA:647,0
DA:650,0
DA:651,0
DA:656,0
DA:657,0
DA:658,0
DA:659,0
DA:660,0
DA:661,0
DA:663,0
DA:665,0
DA:668,0
DA:669,0
DA:673,0
DA:674,0
DA:676,0
DA:682,0
DA:683,0
DA:684,0
DA:685,0
DA:686,0
DA:688,0
DA:690,0
DA:692,0
DA:694,0
DA:695,0
DA:699,0
DA:700,0
DA:704,0
DA:705,0
DA:708,0
DA:714,0
DA:715,0
DA:716,0
DA:717,0
DA:718,0
DA:719,0
DA:720,0
DA:721,0
DA:723,0
DA:724,0
DA:726,0
DA:731,0
DA:732,0
DA:734,0
DA:740,0
DA:741,0
DA:742,0
DA:743,0
DA:744,0
DA:746,0
DA:747,0
DA:750,0
DA:756,0
DA:757,0
DA:758,0
DA:759,0
DA:760,0
DA:762,0
DA:768,0
DA:769,0
DA:770,0
DA:771,0
DA:772,0
DA:774,0
DA:775,0
DA:777,0
DA:779,0
DA:780,0
DA:781,0
DA:782,0
DA:783,0
DA:786,0
DA:790,0
DA:791,0
DA:794,0
DA:795,0
DA:796,0
DA:798,0
DA:800,0
DA:801,0
DA:802,0
DA:803,0
DA:804,0
DA:805,0
DA:806,0
DA:807,0
DA:809,0
DA:810,0
DA:813,0
DA:817,0
DA:820,0
DA:821,0
DA:824,0
DA:835,0
DA:836,0
DA:837,0
DA:838,0
DA:840,0
DA:842,0
DA:845,0
DA:847,0
DA:849,0
DA:850,0
DA:851,0
DA:852,0
DA:856,0
DA:860,0
DA:867,0
DA:871,0
DA:872,0
LF:398
LH:0
end_of_record
TN:
SF:/projects/ai/greentic-ng/greentic-messaging-providers/components/messaging-provider-slack/src/bindings.rs
FNF:0
DA:1217,0
DA:1219,0
DA:1220,0
DA:1221,0
DA:1222,0
DA:1223,0
DA:1224,0
DA:1225,0
DA:1226,0
DA:1227,0
DA:1231,0
DA:1232,0
DA:1233,0
DA:1234,0
DA:1235,0
DA:1236,0
DA:1237,0
DA:1238,0
DA:1285,0
DA:1286,0
DA:1287,0
DA:1289,0
DA:1290,0
DA:1292,0
DA:1293,0
DA:1294,0
DA:1295,0
DA:1296,0
DA:1297,0
DA:1298,0
DA:1299,0
DA:1303,0
DA:1304,0
DA:1305,0
DA:1306,0
DA:1307,0
DA:1308,0
DA:1309,0
DA:1310,0
DA:1387,0
DA:1389,0
DA:1390,0
DA:1391,0
DA:1392,0
DA:1393,0
DA:1394,0
DA:1395,0
DA:1396,0
DA:1397,0
DA:1401,0
DA:1402,0
DA:1403,0
DA:1404,0
DA:1405,0
DA:1406,0
DA:1407,0
DA:1408,0
DA:1418,0
DA:1420,0
DA:1421,0
DA:1423,0
DA:1424,0
DA:1425,0
DA:1426,0
DA:1427,0
DA:1428,0
DA:1429,0
DA:1430,0
DA:1434,0
DA:1435,0
DA:1436,0
DA:1437,0
DA:1438,0
DA:1439,0
DA:1440,0
DA:1441,0
DA:1495,0
DA:1497,0
DA:1498,0
DA:1499,0
DA:1500,0
DA:1502,0
DA:1503,0
DA:1505,0
DA:1506,0
DA:1507,0
DA:1508,0
DA:1510,0
DA:1512,0
DA:1514,0
DA:1515,0
DA:1516,0
DA:1518,0
DA:1519,0
DA:1520,0
DA:1521,0
DA:1522,0
DA:1523,0
DA:1524,0
DA:1525,0
DA:1528,0
DA:1529,0
DA:1530,0
DA:1534,0
DA:1535,0
DA:1536,0
DA:1537,0
DA:1538,0
DA:1539,0
DA:1540,0
DA:1541,0
DA:1542,0
DA:1543,0
DA:1545,0
DA:1546,0
DA:1547,0
DA:1548,0
DA:1549,0
DA:1553,0
DA:1554,0
DA:1555,0
DA:1565,0
DA:1566,0
DA:1567,0
DA:1568,0
DA:1569,0
DA:1570,0
DA:1571,0
DA:1572,0
DA:1573,0
DA:1574,0
DA:1575,0
DA:1579,0
DA:1580,0
DA:1581,0
DA:1582,0
DA:1583,0
DA:1584,0
DA:1585,0
DA:1586,0
DA:1638,0
DA:1639,0
DA:1645,0
DA:1646,0
DA:1651,0
DA:1652,0
DA:1657,0
DA:1658,0
DA:1663,0
DA:1664,0
DA:1669,0
DA:1670,0
DA:1675,0
DA:1676,0
DA:1681,0
DA:1682,0
DA:1687,0
DA:1688,0
DA:1693,0
DA:1694,0
DA:1697,0
DA:1698,0
DA:1704,0
DA:1705,0
DA:1710,0
DA:1711,0
DA:1716,0
DA:1717,0
DA:1734,0
DA:1736,0
DA:1845,0
DA:1846,0
LF:172
LH:0
end_of_record
TN:
SF:/projects/ai/greentic-ng/greentic-messaging-providers/components/messaging-provider-slack/src/config.rs
FNF:0
DA:33,1
DA:37,1
DA:38,1
DA:39,1
DA:43,1
DA:44,1
DA:45,1
DA:47,1
DA:48,1
DA:50,1
DA:52,1
DA:53,1
DA:55,1
DA:56,0
DA:58,2
DA:60,1
DA:62,1
DA:67,0
DA:68,0
DA:71,1
DA:72,1
DA:73,1
DA:76,2
DA:77,2
DA:78,1
DA:81,1
DA:82,7
DA:89,8
DA:90,1
DA:93,4
DA:94,3
DA:97,2
DA:100,0
DA:101,0
DA:102,0
DA:104,0
DA:107,0
DA:108,0
DA:109,0
DA:110,0
DA:111,0
DA:115,1
DA:116,1
DA:117,1
DA:118,1
DA:119,1
DA:120,1
DA:122,1
DA:123,1
DA:124,2
DA:128,1
DA:129,1
DA:131,3
DA:132,3
DA:133,3
DA:134,3
DA:137,3
DA:138,3
DA:139,3
DA:140,3
DA:141,3
DA:142,1
DA:143,1
LF:63
LH:51
end_of_record
TN:
SF:/projects/ai/greentic-ng/greentic-messaging-providers/components/messaging-provider-slack/src/describe.rs
FN:81,build_describe_payload
FN:135,build_qa_spec
FN:262,i18n_bundle
FN:266,input_schema
FN:282,output_schema
FN:308,config_schema
FNF:6
FNDA:2,build_describe_payload
FNDA:2,build_qa_spec
FNDA:0,i18n_bundle
FNDA:2,input_schema
FNDA:2,output_schema
FNDA:2,config_schema
DA:81,2
DA:82,2
DA:83,2
DA:84,2
DA:87,2
DA:88,2
DA:89,5
DA:118,1
DA:119,1
DA:120,1
DA:121,3
DA:131,1
DA:135,2
DA:139,2
DA:140,2
DA:141,1
DA:142,1
DA:143,1
DA:145,2
DA:262,0
DA:263,0
DA:266,2
DA:270,4
DA:273,2
DA:282,2
DA:286,4
DA:290,2
DA:298,1
DA:308,2
DA:312,4
DA:316,2
DA:324,2
DA:332,2
DA:341,2
DA:350,2
DA:358,2
DA:366,1
LF:37
LH:35
end_of_record
TN:
SF:/projects/ai/greentic-ng/greentic-messaging-providers/components/messaging-provider-slack/src/lib.rs
FN:68,<impl Guest for Component>::qa_spec
FN:72,<impl Guest for Component>::apply_answers
FN:81,<impl Guest for Component>::i18n_keys
FN:85,<impl Guest for Component>::i18n_bundle
FN:91,<impl Guest for Component>::describe
FN:95,<impl Guest for Component>::validate_config
FN:99,<impl Guest for Component>::healthcheck
FN:103,<impl Guest for Component>::invoke
FN:126,apply_answers_bridge
FN:137,dispatch_json_invoke
FN:168,apply_answers_impl
FN:271,existing_config_from_answers
FN:279,optional_string_from
FN:295,string_or_default
FNF:14
FNDA:0,<impl Guest for Component>::qa_spec
FNDA:3,<impl Guest for Component>::apply_answers
FNDA:0,<impl Guest for Component>::i18n_keys
FNDA:0,<impl Guest for Component>::i18n_bundle
FNDA:0,<impl Guest for Component>::describe
FNDA:0,<impl Guest for Component>::validate_config
FNDA:0,<impl Guest for Component>::healthcheck
FNDA:0,<impl Guest for Component>::invoke
FNDA:0,apply_answers_bridge
FNDA:0,dispatch_json_invoke
FNDA:3,apply_answers_impl
FNDA:1,existing_config_from_answers
FNDA:1,optional_string_from
FNDA:1,string_or_default
DA:14,3
DA:44,0
DA:45,0
DA:50,0
DA:51,0
DA:52,0
DA:53,0
DA:54,0
DA:55,0
DA:59,0
DA:60,0
DA:61,0
DA:62,0
DA:63,0
DA:68,0
DA:69,0
DA:72,3
DA:76,3
DA:81,0
DA:82,0
DA:85,0
DA:86,0
DA:91,0
DA:92,0
DA:95,0
DA:96,0
DA:99,0
DA:100,0
DA:103,0
DA:105,0
DA:106,0
DA:114,0
DA:116,0
DA:126,0
DA:128,0
DA:129,0
DA:130,0
DA:131,0
DA:132,0
DA:134,0
DA:137,0
DA:138,0
DA:139,0
DA:140,0
DA:141,0
DA:142,0
DA:143,0
DA:144,0
DA:145,0
DA:168,3
DA:174,6
DA:175,3
DA:176,0
DA:177,0
DA:179,0
DA:180,0
DA:181,0
DA:182,0
DA:187,2
DA:188,1
DA:190,1
DA:191,1
DA:193,2
DA:194,1
DA:195,1
DA:196,1
DA:197,1
DA:198,1
DA:199,1
DA:202,1
DA:203,1
DA:207,2
DA:208,2
DA:209,5
DA:211,3
DA:212,1
DA:213,1
DA:214,1
DA:215,1
DA:216,1
DA:217,1
DA:218,2
DA:219,1
DA:220,1
DA:221,1
DA:222,0
DA:224,2
DA:227,2
DA:228,1
DA:229,0
DA:230,0
DA:231,0
DA:232,0
DA:234,3
DA:235,1
DA:237,2
DA:238,0
DA:239,0
DA:241,2
DA:242,0
DA:244,2
DA:245,0
DA:247,2
DA:248,0
DA:252,2
DA:253,1
DA:255,1
DA:256,1
DA:257,1
DA:258,1
DA:262,1
DA:264,1
DA:265,1
DA:266,1
DA:267,1
DA:271,1
DA:275,3
DA:276,3
DA:279,1
DA:280,1
DA:281,1
DA:282,1
DA:283,1
DA:284,2
DA:285,0
DA:287,1
DA:290,0
DA:291,0
DA:295,1
DA:297,1
DA:298,1
DA:299,1
DA:300,3
DA:301,1
DA:302,3
LF:135
LH:70
end_of_record
TN:
SF:/projects/ai/greentic-ng/greentic-messaging-providers/components/messaging-provider-slack/src/ops.rs
FN:22,handle_send
FN:181,ingest_http
FN:437,is_slack_retry
FN:445,is_bot_message
FN:457,render_plan
FN:475,encode_op
FN:558,send_payload
FN:618,parse_blocks
FN:628,metadata_string
FN:634,build_synthetic_envelope
FN:674,build_slack_envelope
FN:739,ac_to_slack_blocks
FN:793,collect_ac_input_fields
FN:887,inject_modal_metadata
FN:905,ac_markdown_to_slack
FN:952,extract_texts_from_items
FN:994,ac_element_to_blocks
FN:1432,label_from_items
FN:1484,collect_select_action
FN:1536,collect_slack_actions
FN:1584,open_slack_modal
FN:1764,handle_view_submission
FN:1879,urldecode
FNF:23
FNDA:3,handle_send
FNDA:1,ingest_http
FNDA:0,is_slack_retry
FNDA:0,is_bot_message
FNDA:0,render_plan
FNDA:0,encode_op
FNDA:0,send_payload
FNDA:0,parse_blocks
FNDA:0,metadata_string
FNDA:0,build_synthetic_envelope
FNDA:0,build_slack_envelope
FNDA:0,ac_to_slack_blocks
FNDA:0,collect_ac_input_fields
FNDA:0,inject_modal_metadata
FNDA:0,ac_markdown_to_slack
FNDA:0,extract_texts_from_items
FNDA:0,ac_element_to_blocks
FNDA:0,label_from_items
FNDA:0,collect_select_action
FNDA:0,collect_slack_actions
FNDA:0,open_slack_modal
FNDA:0,handle_view_submission
FNDA:0,urldecode
DA:22,3
DA:23,3
DA:24,2
DA:25,1
DA:26,2
DA:30,4
DA:31,2
DA:32,0
DA:34,2
DA:35,0
DA:38,4
DA:39,1
DA:40,0
DA:41,0
DA:42,0
DA:46,2
DA:47,2
DA:50,1
DA:53,3
DA:54,3
DA:55,1
DA:56,1
DA:57,1
DA:58,0
DA:61,3
DA:62,1
DA:63,0
DA:64,0
DA:67,1
DA:68,0
DA:69,1
DA:72,0
DA:73,0
DA:74,0
DA:76,0
DA:77,0
DA:78,0
DA:79,0
DA:81,0
DA:85,0
DA:88,0
DA:89,0
DA:90,0
DA:92,0
DA:95,0
DA:97,0
DA:98,0
DA:101,0
DA:102,0
DA:103,0
DA:107,0
DA:111,0
DA:113,0
DA:114,0
DA:119,0
DA:123,0
DA:125,0
DA:129,0
DA:132,0
DA:133,0
DA:134,0
DA:135,0
DA:136,0
DA:141,0
DA:142,0
DA:143,0
DA:147,0
DA:148,0
DA:151,0
DA:152,0
DA:154,0
DA:156,0
DA:157,0
DA:163,0
DA:164,0
DA:167,0
DA:169,0
DA:171,0
DA:178,0
DA:181,1
DA:183,1
DA:184,0
DA:185,2
DA:186,1
DA:187,0
DA:190,2
DA:191,1
DA:192,0
DA:194,2
DA:198,2
DA:199,1
DA:201,1
DA:205,1
DA:206,2
DA:207,1
DA:209,1
DA:215,0
DA:217,0
DA:220,0
DA:221,0
DA:222,0
DA:223,0
DA:225,0
DA:227,0
DA:232,0
DA:234,0
DA:236,0
DA:237,0
DA:238,0
DA:239,0
DA:241,0
DA:243,0
DA:247,0
DA:248,0
DA:251,0
DA:255,0
DA:260,0
DA:261,0
DA:262,0
DA:265,0
DA:266,0
DA:267,0
DA:270,0
DA:271,0
DA:273,0
DA:275,0
DA:277,0
DA:281,0
DA:282,0
DA:284,0
DA:285,0
DA:288,0
DA:289,0
DA:291,0
DA:293,0
DA:295,0
DA:297,0
DA:298,0
DA:299,0
DA:301,0
DA:303,0
DA:304,0
DA:305,0
DA:307,0
DA:312,0
DA:316,0
DA:321,0
DA:324,0
DA:325,0
DA:326,0
DA:327,0
DA:329,0
DA:331,0
DA:334,0
DA:335,0
DA:336,0
DA:340,0
DA:342,0
DA:343,0
DA:345,0
DA:346,0
DA:347,0
DA:348,0
DA:350,0
DA:353,0
DA:355,0
DA:356,0
DA:358,0
DA:360,0
DA:365,0
DA:368,0
DA:369,0
DA:370,0
DA:372,0
DA:376,0
DA:379,0
DA:380,0
DA:381,0
DA:383,0
DA:391,0
DA:393,0
DA:396,0
DA:399,0
DA:400,0
DA:401,0
DA:403,0
DA:408,0
DA:413,0
DA:414,0
DA:417,0
DA:418,0
DA:419,0
DA:420,0
DA:421,0
DA:426,0
DA:429,0
DA:430,0
DA:431,0
DA:433,0
DA:437,0
DA:438,0
DA:439,0
DA:440,0
DA:445,0
DA:447,0
DA:448,0
DA:451,0
DA:457,0
DA:475,0
DA:478,0
DA:479,0
DA:480,0
DA:482,0
DA:485,0
DA:487,0
DA:488,0
DA:492,0
DA:495,0
DA:497,0
DA:508,0
DA:511,0
DA:512,0
DA:513,0
DA:515,0
DA:518,0
DA:519,0
DA:522,0
DA:523,0
DA:527,0
DA:528,0
DA:530,0
DA:533,0
DA:534,0
DA:535,0
DA:536,0
DA:545,0
DA:546,0
DA:547,0
DA:548,0
DA:549,0
DA:551,0
DA:552,0
DA:555,0
DA:558,0
DA:559,0
DA:560,0
DA:561,0
DA:562,0
DA:565,0
DA:566,0
DA:569,0
DA:570,0
DA:571,0
DA:573,0
DA:574,0
DA:575,0
DA:576,0
DA:577,0
DA:578,0
DA:580,0
DA:581,0
DA:582,0
DA:587,0
DA:591,0
DA:593,0
DA:594,0
DA:595,0
DA:596,0
DA:599,0
DA:600,0
DA:601,0
DA:602,0
DA:606,0
DA:607,0
DA:608,0
DA:609,0
DA:611,0
DA:613,0
DA:615,0
DA:618,0
DA:621,0
DA:622,0
DA:623,0
DA:624,0
DA:625,0
DA:628,0
DA:630,0
DA:631,0
DA:634,0
DA:638,0
DA:639,0
DA:640,0
DA:641,0
DA:644,0
DA:646,0
DA:647,0
DA:648,0
DA:649,0
DA:650,0
DA:651,0
DA:656,0
DA:657,0
DA:659,0
DA:660,0
DA:661,0
DA:662,0
DA:663,0
DA:664,0
DA:665,0
DA:666,0
DA:667,0
DA:668,0
DA:669,0
DA:670,0
DA:674,0
DA:679,0
DA:680,0
DA:681,0
DA:682,0
DA:683,0
DA:684,0
DA:686,0
DA:687,0
DA:689,0
DA:690,0
DA:691,0
DA:692,0
DA:694,0
DA:695,0
DA:696,0
DA:697,0
DA:700,0
DA:703,0
DA:704,0
DA:705,0
DA:711,0
DA:712,0
DA:739,0
DA:740,0
DA:741,0
DA:742,0
DA:744,0
DA:745,0
DA:748,0
DA:749,0
DA:750,0
DA:752,0
DA:754,0
DA:755,0
DA:756,0
DA:759,0
DA:760,0
DA:765,0
DA:766,0
DA:770,0
DA:772,0
DA:773,0
DA:779,0
DA:780,0
DA:784,0
DA:785,0
DA:786,0
DA:787,0
DA:793,0
DA:794,0
DA:797,0
DA:800,0
DA:801,0
DA:802,0
DA:804,0
DA:805,0
DA:806,0
DA:809,0
DA:813,0
DA:817,0
DA:819,0
DA:828,0
DA:831,0
DA:833,0
DA:835,0
DA:836,0
DA:837,0
DA:840,0
DA:844,0
DA:848,0
DA:852,0
DA:855,0
DA:865,0
DA:866,0
DA:867,0
DA:870,0
DA:871,0
DA:872,0
DA:873,0
DA:874,0
DA:887,0
DA:888,0
DA:889,0
DA:890,0
DA:893,0
DA:894,0
DA:895,0
DA:896,0
DA:898,0
DA:899,0
DA:905,0
DA:906,0
DA:907,0
DA:908,0
DA:909,0
DA:911,0
DA:912,0
DA:913,0
DA:914,0
DA:915,0
DA:916,0
DA:918,0
DA:919,0
DA:920,0
DA:921,0
DA:922,0
DA:926,0
DA:927,0
DA:929,0
DA:930,0
DA:931,0
DA:932,0
DA:934,0
DA:935,0
DA:936,0
DA:937,0
DA:938,0
DA:939,0
DA:940,0
DA:941,0
DA:945,0
DA:946,0
DA:948,0
DA:952,0
DA:953,0
DA:954,0
DA:955,0
DA:957,0
DA:958,0
DA:959,0
DA:960,0
DA:961,0
DA:963,0
DA:964,0
DA:965,0
DA:966,0
DA:967,0
DA:969,0
DA:974,0
DA:975,0
DA:976,0
DA:980,0
DA:981,0
DA:983,0
DA:988,0
DA:994,0
DA:1000,0
DA:1002,0
DA:1006,0
DA:1009,0
DA:1012,0
DA:1017,0
DA:1018,0
DA:1021,0
DA:1024,0
DA:1026,0
DA:1027,0
DA:1028,0
DA:1030,0
DA:1033,0
DA:1035,0
DA:1038,0
DA:1039,0
DA:1043,0
DA:1045,0
DA:1049,0
DA:1051,0
DA:1052,0
DA:1054,0
DA:1056,0
DA:1061,0
DA:1068,0
DA:1069,0
DA:1070,0
DA:1071,0
DA:1072,0
DA:1073,0
DA:1075,0
DA:1076,0
DA:1078,0
DA:1081,0
DA:1082,0
DA:1084,0
DA:1085,0
DA:1087,0
DA:1089,0
DA:1091,0
DA:1094,0
DA:1096,0
DA:1098,0
DA:1101,0
DA:1103,0
DA:1105,0
DA:1106,0
DA:1108,0
DA:1111,0
DA:1112,0
DA:1113,0
DA:1115,0
DA:1118,0
DA:1120,0
DA:1122,0
DA:1123,0
DA:1131,0
DA:1132,0
DA:1135,0
DA:1137,0
DA:1145,0
DA:1146,0
DA:1147,0
DA:1148,0
DA:1151,0
DA:1153,0
DA:1163,0
DA:1164,0
DA:1166,0
DA:1169,0
DA:1170,0
DA:1171,0
DA:1172,0
DA:1173,0
DA:1175,0
DA:1176,0
DA:1177,0
DA:1178,0
DA:1179,0
DA:1181,0
DA:1183,0
DA:1187,0
DA:1188,0
DA:1196,0
DA:1197,0
DA:1200,0
DA:1202,0
DA:1203,0
DA:1204,0
DA:1205,0
DA:1206,0
DA:1210,0
DA:1211,0
DA:1212,0
DA:1215,0
DA:1216,0
DA:1217,0
DA:1218,0
DA:1224,0
DA:1225,0
DA:1226,0
DA:1227,0
DA:1229,0
DA:1233,0
DA:1234,0
DA:1235,0
DA:1243,0
DA:1244,0
DA:1246,0
DA:1247,0
DA:1248,0
DA:1249,0
DA:1257,0
DA:1260,0
DA:1267,0
DA:1268,0
DA:1269,0
DA:1270,0
DA:1271,0
DA:1272,0
DA:1273,0
DA:1277,0
DA:1278,0
DA:1281,0
DA:1282,0
DA:1283,0
DA:1288,0
DA:1291,0
DA:1292,0
DA:1293,0
DA:1297,0
DA:1300,0
DA:1303,0
DA:1306,0
DA:1307,0
DA:1308,0
DA:1309,0
DA:1311,0
DA:1316,0
DA:1317,0
DA:1320,0
DA:1321,0
DA:1322,0
DA:1323,0
DA:1324,0
DA:1325,0
DA:1329,0
DA:1330,0
DA:1332,0
DA:1334,0
DA:1336,0
DA:1338,0
DA:1340,0
DA:1342,0
DA:1343,0
DA:1345,0
DA:1347,0
DA:1349,0
DA:1350,0
DA:1353,0
DA:1355,0
DA:1356,0
DA:1357,0
DA:1359,0
DA:1367,0
DA:1368,0
DA:1369,0
DA:1370,0
DA:1371,0
DA:1372,0
DA:1373,0
DA:1375,0
DA:1376,0
DA:1377,0
DA:1378,0
DA:1379,0
DA:1380,0
DA:1383,0
DA:1384,0
DA:1385,0
DA:1386,0
DA:1387,0
DA:1388,0
DA:1389,0
DA:1393,0
DA:1394,0
DA:1395,0
DA:1397,0
DA:1398,0
DA:1399,0
DA:1400,0
DA:1401,0
DA:1402,0
DA:1403,0
DA:1404,0
DA:1405,0
DA:1407,0
DA:1410,0
DA:1413,0
DA:1414,0
DA:1418,0
DA:1432,0
DA:1434,0
DA:1435,0
DA:1436,0
DA:1437,0
DA:1438,0
DA:1439,0
DA:1440,0
DA:1442,0
DA:1443,0
DA:1444,0
DA:1449,0
DA:1450,0
DA:1451,0
DA:1453,0
DA:1454,0
DA:1455,0
DA:1460,0
DA:1461,0
DA:1463,0
DA:1464,0
DA:1465,0
DA:1466,0
DA:1467,0
DA:1468,0
DA:1470,0
DA:1471,0
DA:1473,0
DA:1474,0
DA:1475,0
DA:1476,0
DA:1480,0
DA:1484,0
DA:1485,0
DA:1486,0
DA:1489,0
DA:1490,0
DA:1495,0
DA:1497,0
DA:1501,0
DA:1502,0
DA:1504,0
DA:1506,0
DA:1507,0
DA:1508,0
DA:1509,0
DA:1512,0
DA:1513,0
DA:1514,0
DA:1518,0
DA:1521,0
DA:1522,0
DA:1525,0
DA:1527,0
DA:1528,0
DA:1530,0
DA:1532,0
DA:1536,0
DA:1537,0
DA:1540,0
DA:1544,0
DA:1546,0
DA:1550,0
DA:1552,0
DA:1553,0
DA:1554,0
DA:1558,0
DA:1564,0
DA:1567,0
DA:1569,0
DA:1570,0
DA:1572,0
DA:1574,0
DA:1584,0
DA:1585,0
DA:1587,0
DA:1592,0
DA:1593,0
DA:1594,0
DA:1595,0
DA:1596,0
DA:1598,0
DA:1600,0
DA:1602,0
DA:1604,0
DA:1606,0
DA:1610,0
DA:1614,0
DA:1617,0
DA:1620,0
DA:1621,0
DA:1622,0
DA:1623,0
DA:1624,0
DA:1625,0
DA:1629,0
DA:1632,0
DA:1633,0
DA:1634,0
DA:1636,0
DA:1638,0
DA:1643,0
DA:1644,0
DA:1645,0
DA:1646,0
DA:1649,0
DA:1653,0
DA:1655,0
DA:1657,0
DA:1662,0
DA:1663,0
DA:1664,0
DA:1665,0
DA:1668,0
DA:1672,0
DA:1674,0
DA:1675,0
DA:1676,0
DA:1679,0
DA:1682,0
DA:1686,0
DA:1687,0
DA:1688,0
DA:1690,0
DA:1695,0
DA:1696,0
DA:1697,0
DA:1698,0
DA:1699,0
DA:1700,0
DA:1703,0
DA:1706,0
DA:1708,0
DA:1710,0
DA:1712,0
DA:1715,0
DA:1719,0
DA:1725,0
DA:1726,0
DA:1727,0
DA:1728,0
DA:1731,0
DA:1732,0
DA:1734,0
DA:1736,0
DA:1740,0
DA:1742,0
DA:1743,0
DA:1744,0
DA:1746,0
DA:1747,0
DA:1748,0
DA:1754,0
DA:1755,0
DA:1756,0
DA:1758,0
DA:1764,0
DA:1765,0
DA:1767,0
DA:1768,0
DA:1769,0
DA:1772,0
DA:1774,0
DA:1775,0
DA:1777,0
DA:1782,0
DA:1783,0
DA:1784,0
DA:1785,0
DA:1789,0
DA:1791,0
DA:1792,0
DA:1794,0
DA:1797,0
DA:1798,0
DA:1799,0
DA:1800,0
DA:1801,0
DA:1805,0
DA:1806,0
DA:1807,0
DA:1808,0
DA:1809,0
DA:1812,0
DA:1815,0
DA:1816,0
DA:1820,0
DA:1822,0
DA:1823,0
DA:1831,0
DA:1832,0
DA:1833,0
DA:1838,0
DA:1840,0
DA:1842,0
DA:1843,0
DA:1845,0
DA:1848,0
DA:1850,0
DA:1851,0
DA:1852,0
DA:1853,0
DA:1854,0
DA:1856,0
DA:1859,0
DA:1861,0
DA:1863,0
DA:1864,0
DA:1871,0
DA:1872,0
DA:1873,0
DA:1875,0
DA:1879,0
DA:1880,0
DA:1881,0
DA:1882,0
DA:1883,0
DA:1884,0
DA:1885,0
DA:1886,0
DA:1888,0
DA:1889,0
DA:1891,0
DA:1892,0
DA:1894,0
DA:1897,0
LF:889
LH:36
end_of_record
TN:
SF:/projects/ai/greentic-ng/greentic-messaging-providers/components/messaging-provider-teams/src/auth.rs
FN:46,acquire_bot_token
FN:72,send_token_request
FN:120,validate_jwt
FN:155,decode_jwt_claims
FN:182,extract_bearer_token
FNF:5
FNDA:0,acquire_bot_token
FNDA:0,send_token_request
FNDA:0,validate_jwt
FNDA:1,decode_jwt_claims
FNDA:1,extract_bearer_token
DA:46,0
DA:47,0
DA:48,0
DA:49,0
DA:52,0
DA:55,0
DA:56,0
DA:58,0
DA:59,0
DA:61,0
DA:63,0
DA:64,0
DA:65,0
DA:68,0
DA:72,0
DA:74,0
DA:75,0
DA:76,0
DA:80,0
DA:83,0
DA:84,0
DA:86,0
DA:87,0
DA:90,0
DA:92,0
DA:98,0
DA:99,0
DA:102,0
DA:104,0
DA:105,0
DA:107,0
DA:120,0
DA:121,0
DA:124,0
DA:125,0
DA:126,0
DA:133,0
DA:134,0
DA:135,0
DA:136,0
DA:138,0
DA:139,0
DA:144,0
DA:145,0
DA:146,0
DA:149,0
DA:155,1
DA:156,1
DA:157,2
DA:158,2
DA:161,0
DA:162,0
DA:163,0
DA:164,0
DA:166,0
DA:167,0
DA:168,0
DA:169,0
DA:171,0
DA:173,0
DA:175,0
DA:176,0
DA:178,0
DA:182,1
DA:183,1
DA:184,2
DA:185,1
DA:187,1
LF:68
LH:9
end_of_record
TN:
SF:/projects/ai/greentic-ng/greentic-messaging-providers/components/messaging-provider-teams/src/bindings.rs
FNF:0
DA:1217,0
DA:1219,0
DA:1220,0
DA:1221,0
DA:1222,0
DA:1223,0
DA:1224,0
DA:1225,0
DA:1226,0
DA:1227,0
DA:1231,0
DA:1232,0
DA:1233,0
DA:1234,0
DA:1235,0
DA:1236,0
DA:1237,0
DA:1238,0
DA:1285,0
DA:1286,0
DA:1287,0
DA:1289,0
DA:1290,0
DA:1292,0
DA:1293,0
DA:1294,0
DA:1295,0
DA:1296,0
DA:1297,0
DA:1298,0
DA:1299,0
DA:1303,0
DA:1304,0
DA:1305,0
DA:1306,0
DA:1307,0
DA:1308,0
DA:1309,0
DA:1310,0
DA:1387,0
DA:1389,0
DA:1390,0
DA:1391,0
DA:1392,0
DA:1393,0
DA:1394,0
DA:1395,0
DA:1396,0
DA:1397,0
DA:1401,0
DA:1402,0
DA:1403,0
DA:1404,0
DA:1405,0
DA:1406,0
DA:1407,0
DA:1408,0
DA:1418,0
DA:1420,0
DA:1421,0
DA:1423,0
DA:1424,0
DA:1425,0
DA:1426,0
DA:1427,0
DA:1428,0
DA:1429,0
DA:1430,0
DA:1434,0
DA:1435,0
DA:1436,0
DA:1437,0
DA:1438,0
DA:1439,0
DA:1440,0
DA:1441,0
DA:1495,0
DA:1497,0
DA:1498,0
DA:1499,0
DA:1500,0
DA:1502,0
DA:1503,0
DA:1505,0
DA:1506,0
DA:1507,0
DA:1508,0
DA:1510,0
DA:1512,0
DA:1514,0
DA:1515,0
DA:1516,0
DA:1518,0
DA:1519,0
DA:1520,0
DA:1521,0
DA:1522,0
DA:1523,0
DA:1524,0
DA:1525,0
DA:1528,0
DA:1529,0
DA:1530,0
DA:1534,0
DA:1535,0
DA:1536,0
DA:1537,0
DA:1538,0
DA:1539,0
DA:1540,0
DA:1541,0
DA:1542,0
DA:1543,0
DA:1545,0
DA:1546,0
DA:1547,0
DA:1548,0
DA:1549,0
DA:1553,0
DA:1554,0
DA:1555,0
DA:1565,0
DA:1566,0
DA:1567,0
DA:1568,0
DA:1569,0
DA:1570,0
DA:1571,0
DA:1572,0
DA:1573,0
DA:1574,0
DA:1575,0
DA:1579,0
DA:1580,0
DA:1581,0
DA:1582,0
DA:1583,0
DA:1584,0
DA:1585,0
DA:1586,0
DA:1638,0
DA:1639,0
DA:1645,0
DA:1646,0
DA:1651,0
DA:1652,0
DA:1657,0
DA:1658,0
DA:1663,0
DA:1664,0
DA:1669,0
DA:1670,0
DA:1675,0
DA:1676,0
DA:1681,0
DA:1682,0
DA:1687,0
DA:1688,0
DA:1693,0
DA:1694,0
DA:1697,0
DA:1698,0
DA:1704,0
DA:1705,0
DA:1710,0
DA:1711,0
DA:1716,0
DA:1717,0
DA:1734,0
DA:1736,0
DA:1845,0
DA:1846,0
LF:172
LH:0
end_of_record
TN:
SF:/projects/ai/greentic-ng/greentic-messaging-providers/components/messaging-provider-teams/src/config.rs
FNF:0
DA:61,1
DA:64,1
DA:65,1
DA:74,1
DA:75,1
DA:76,1
DA:78,1
DA:79,0
DA:81,1
DA:82,1
DA:84,1
DA:85,1
DA:88,1
DA:89,0
DA:90,0
DA:91,0
DA:93,0
DA:94,0
DA:97,1
DA:101,1
DA:102,2
DA:103,0
DA:105,3
DA:106,0
DA:108,3
DA:112,2
DA:113,5
DA:114,5
DA:115,1
DA:118,2
DA:119,6
DA:120,2
DA:121,2
DA:125,2
DA:127,2
DA:128,2
DA:132,2
DA:133,2
DA:142,6
DA:143,4
DA:144,3
DA:147,3
DA:148,3
DA:152,0
DA:156,0
DA:157,0
DA:158,0
DA:159,0
DA:160,0
DA:164,0
DA:165,0
DA:169,0
DA:170,0
DA:171,0
DA:174,0
DA:177,0
DA:179,0
DA:181,0
DA:182,0
DA:183,0
DA:184,0
DA:185,0
DA:186,0
DA:191,1
DA:192,1
DA:193,1
DA:194,1
DA:195,1
DA:196,1
DA:197,0
DA:199,1
DA:200,1
DA:201,2
DA:206,1
DA:210,1
DA:211,3
DA:212,3
DA:214,4
DA:218,1
DA:221,3
DA:222,1
DA:223,3
DA:224,3
DA:228,1
DA:231,1
DA:232,3
DA:233,3
LF:87
LH:58
end_of_record
TN:
SF:/projects/ai/greentic-ng/greentic-messaging-providers/components/messaging-provider-teams/src/describe.rs
FN:95,build_describe_payload
FN:144,build_qa_spec
FN:283,i18n_bundle
FN:287,input_schema
FN:303,output_schema
FN:329,config_schema
FNF:6
FNDA:2,build_describe_payload
FNDA:2,build_qa_spec
FNDA:0,i18n_bundle
FNDA:2,input_schema
FNDA:2,output_schema
FNDA:2,config_schema
DA:95,2
DA:96,2
DA:97,2
DA:98,2
DA:101,1
DA:102,1
DA:103,3
DA:133,1
DA:134,1
DA:135,1
DA:136,3
DA:140,1
DA:144,2
DA:148,2
DA:149,2
DA:150,1
DA:151,1
DA:152,1
DA:154,2
DA:283,0
DA:284,0
DA:287,2
DA:291,4
DA:294,2
DA:303,2
DA:307,4
DA:311,2
DA:319,1
DA:329,2
DA:333,3
DA:337,2
DA:345,2
DA:354,2
DA:362,2
DA:370,2
DA:379,2
DA:387,2
LF:37
LH:35
end_of_record
TN:
SF:/projects/ai/greentic-ng/greentic-messaging-providers/components/messaging-provider-teams/src/lib.rs
FN:78,<impl Guest for Component>::qa_spec
FN:82,<impl Guest for Component>::apply_answers
FN:91,<impl Guest for Component>::i18n_keys
FN:95,<impl Guest for Component>::i18n_bundle
FN:101,<impl Guest for Component>::describe
FN:105,<impl Guest for Component>::validate_config
FN:109,<impl Guest for Component>::healthcheck
FN:113,<impl Guest for Component>::invoke
FN:136,apply_answers_bridge
FN:147,dispatch_json_invoke
FN:179,apply_answers_impl
FN:286,existing_config_from_answers
FN:294,optional_string_from
FN:310,string_or_default
FNF:14
FNDA:0,<impl Guest for Component>::qa_spec
FNDA:3,<impl Guest for Component>::apply_answers
FNDA:0,<impl Guest for Component>::i18n_keys
FNDA:0,<impl Guest for Component>::i18n_bundle
FNDA:0,<impl Guest for Component>::describe
FNDA:0,<impl Guest for Component>::validate_config
FNDA:0,<impl Guest for Component>::healthcheck
FNDA:0,<impl Guest for Component>::invoke
FNDA:0,apply_answers_bridge
FNDA:0,dispatch_json_invoke
FNDA:3,apply_answers_impl
FNDA:2,existing_config_from_answers
FNDA:2,optional_string_from
FNDA:1,string_or_default
DA:17,6
DA:54,0
DA:55,0
DA:60,0
DA:61,0
DA:62,0
DA:63,0
DA:64,0
DA:65,0
DA:69,0
DA:70,0
DA:71,0
DA:72,0
DA:73,0
DA:78,0
DA:79,0
DA:82,3
DA:86,3
DA:91,0
DA:92,0
DA:95,0
DA:96,0
DA:101,0
DA:102,0
DA:105,0
DA:106,0
DA:109,0
DA:110,0
DA:113,0
DA:115,0
DA:116,0
DA:124,0
DA:126,0
DA:136,0
DA:138,0
DA:139,0
DA:140,0
DA:141,0
DA:142,0
DA:144,0
DA:147,0
DA:148,0
DA:149,0
DA:150,0
DA:151,0
DA:152,0
DA:153,0
DA:154,0
DA:156,0
DA:179,3
DA:185,6
DA:186,3
DA:187,0
DA:188,0
DA:190,0
DA:191,0
DA:192,0
DA:193,0
DA:198,6
DA:199,1
DA:201,1
DA:202,1
DA:204,2
DA:205,1
DA:206,1
DA:207,1
DA:208,1
DA:209,1
DA:212,1
DA:213,1
DA:217,3
DA:218,2
DA:219,5
DA:221,5
DA:222,1
DA:223,1
DA:224,1
DA:225,1
DA:226,2
DA:227,1
DA:228,1
DA:229,4
DA:230,2
DA:231,4
DA:232,2
DA:233,1
DA:234,2
DA:235,1
DA:238,2
DA:239,1
DA:240,0
DA:241,0
DA:242,0
DA:243,0
DA:245,2
DA:246,0
DA:247,0
DA:249,2
DA:250,0
DA:251,0
DA:253,2
DA:254,0
DA:256,2
DA:257,0
DA:259,3
DA:260,1
DA:262,2
DA:263,0
DA:267,2
DA:268,1
DA:270,1
DA:271,1
DA:272,1
DA:273,1
DA:277,1
DA:279,1
DA:280,1
DA:281,1
DA:282,1
DA:286,2
DA:290,4
DA:291,3
DA:294,2
DA:295,2
DA:296,1
DA:297,1
DA:298,1
DA:299,2
DA:300,0
DA:302,1
DA:305,0
DA:306,0
DA:310,1
DA:312,1
DA:313,1
DA:314,1
DA:315,3
DA:316,1
DA:317,1
LF:139
LH:73
end_of_record
TN:
SF:/projects/ai/greentic-ng/greentic-messaging-providers/components/messaging-provider-teams/src/ops.rs
FN:31,handle_send
FN:235,handle_reply
FN:371,ingest_http
FN:586,render_plan
FN:604,encode_op
FN:658,send_payload
FN:703,build_team_envelope
FN:754,build_team_envelope_from_input
FN:786,channel_destination
FN:857,extract_bot_text
FN:866,extract_team_id
FN:876,extract_channel_id
FN:886,extract_sender
FNF:13
FNDA:1,handle_send
FNDA:1,handle_reply
FNDA:0,ingest_http
FNDA:0,render_plan
FNDA:0,encode_op
FNDA:0,send_payload
FNDA:0,build_team_envelope
FNDA:0,build_team_envelope_from_input
FNDA:0,channel_destination
FNDA:1,extract_bot_text
FNDA:1,extract_team_id
FNDA:1,extract_channel_id
FNDA:1,extract_sender
DA:31,1
DA:32,1
DA:33,1
DA:34,0
DA:35,0
DA:39,2
DA:40,1
DA:41,0
DA:43,1
DA:44,0
DA:47,2
DA:48,1
DA:49,0
DA:50,0
DA:51,0
DA:52,0
DA:53,0
DA:59,2
DA:60,0
DA:63,1
DA:66,3
DA:67,3
DA:68,1
DA:69,1
DA:70,1
DA:71,0
DA:77,3
DA:78,1
DA:79,1
DA:80,3
DA:81,3
DA:83,1
DA:84,0
DA:86,2
DA:96,0
DA:97,0
DA:98,0
DA:99,0
DA:100,0
DA:102,0
DA:103,0
DA:104,0
DA:107,0
DA:108,0
DA:110,0
DA:120,0
DA:121,0
DA:122,0
DA:124,0
DA:125,0
DA:126,0
DA:128,0
DA:129,0
DA:130,0
DA:133,0
DA:134,0
DA:135,0
DA:141,0
DA:142,0
DA:144,0
DA:146,0
DA:155,0
DA:162,0
DA:163,0
DA:168,0
DA:175,0
DA:177,0
DA:181,0
DA:184,0
DA:185,0
DA:186,0
DA:187,0
DA:189,0
DA:194,0
DA:195,0
DA:198,0
DA:199,0
DA:200,0
DA:202,0
DA:203,0
DA:205,0
DA:207,0
DA:212,0
DA:213,0
DA:216,0
DA:217,0
DA:218,0
DA:219,0
DA:221,0
DA:235,1
DA:236,1
DA:237,1
DA:238,0
DA:239,0
DA:243,2
DA:244,1
DA:245,0
DA:247,1
DA:248,0
DA:251,1
DA:253,3
DA:254,3
DA:256,1
DA:257,2
DA:262,3
DA:265,2
DA:266,0
DA:272,3
DA:273,1
DA:274,1
DA:275,3
DA:277,1
DA:278,0
DA:280,2
DA:290,0
DA:291,0
DA:292,0
DA:294,0
DA:295,0
DA:297,0
DA:304,0
DA:305,0
DA:306,0
DA:309,0
DA:314,0
DA:320,0
DA:322,0
DA:326,0
DA:329,0
DA:330,0
DA:331,0
DA:332,0
DA:334,0
DA:339,0
DA:340,0
DA:342,0
DA:346,0
DA:347,0
DA:350,0
DA:351,0
DA:352,0
DA:353,0
DA:355,0
DA:371,0
DA:373,0
DA:374,0
DA:375,0
DA:376,0
DA:377,0
DA:382,0
DA:385,0
DA:386,0
DA:389,0
DA:390,0
DA:392,0
DA:393,0
DA:396,0
DA:398,0
DA:402,0
DA:403,0
DA:404,0
DA:406,0
DA:409,0
DA:411,0
DA:417,0
DA:418,0
DA:419,0
DA:420,0
DA:422,0
DA:423,0
DA:424,0
DA:425,0
DA:426,0
DA:427,0
DA:428,0
DA:430,0
DA:434,0
DA:435,0
DA:436,0
DA:439,0
DA:440,0
DA:441,0
DA:442,0
DA:445,0
DA:446,0
DA:447,0
DA:448,0
DA:454,0
DA:455,0
DA:457,0
DA:458,0
DA:462,0
DA:467,0
DA:470,0
DA:471,0
DA:472,0
DA:473,0
DA:475,0
DA:478,0
DA:482,0
DA:483,0
DA:485,0
DA:486,0
DA:488,0
DA:490,0
DA:491,0
DA:493,0
DA:494,0
DA:496,0
DA:499,0
DA:500,0
DA:502,0
DA:504,0
DA:505,0
DA:508,0
DA:509,0
DA:510,0
DA:511,0
DA:512,0
DA:514,0
DA:517,0
DA:518,0
DA:519,0
DA:522,0
DA:531,0
DA:534,0
DA:535,0
DA:536,0
DA:538,0
DA:542,0
DA:543,0
DA:544,0
DA:545,0
DA:547,0
DA:550,0
DA:551,0
DA:553,0
DA:554,0
DA:556,0
DA:558,0
DA:559,0
DA:561,0
DA:562,0
DA:564,0
DA:567,0
DA:576,0
DA:579,0
DA:580,0
DA:581,0
DA:583,0
DA:586,0
DA:604,0
DA:605,0
DA:606,0
DA:607,0
DA:611,0
DA:614,0
DA:617,0
DA:618,0
DA:621,0
DA:625,0
DA:626,0
DA:627,0
DA:628,0
DA:631,0
DA:636,0
DA:637,0
DA:640,0
DA:642,0
DA:646,0
DA:647,0
DA:648,0
DA:651,0
DA:652,0
DA:655,0
DA:658,0
DA:659,0
DA:660,0
DA:661,0
DA:662,0
DA:666,0
DA:667,0
DA:669,0
DA:670,0
DA:671,0
DA:672,0
DA:675,0
DA:676,0
DA:677,0
DA:678,0
DA:679,0
DA:681,0
DA:683,0
DA:684,0
DA:686,0
DA:688,0
DA:696,0
DA:697,0
DA:698,0
DA:699,0
DA:703,0
DA:709,0
DA:710,0
DA:711,0
DA:712,0
DA:713,0
DA:714,0
DA:716,0
DA:717,0
DA:719,0
DA:720,0
DA:724,0
DA:725,0
DA:726,0
DA:727,0
DA:728,0
DA:731,0
DA:732,0
DA:733,0
DA:748,0
DA:749,0
DA:754,0
DA:758,0
DA:760,0
DA:761,0
DA:762,0
DA:763,0
DA:764,0
DA:766,0
DA:769,0
DA:770,0
DA:771,0
DA:772,0
DA:773,0
DA:776,0
DA:777,0
DA:778,0
DA:779,0
DA:780,0
DA:781,0
DA:782,0
DA:783,0
DA:786,0
DA:790,0
DA:792,0
DA:793,0
DA:794,0
DA:798,0
DA:799,0
DA:801,0
DA:802,0
DA:803,0
DA:804,0
DA:805,0
DA:806,0
DA:807,0
DA:809,0
DA:810,0
DA:811,0
DA:812,0
DA:813,0
DA:814,0
DA:815,0
DA:816,0
DA:817,0
DA:820,0
DA:821,0
DA:823,0
DA:824,0
DA:825,0
DA:826,0
DA:827,0
DA:828,0
DA:829,0
DA:830,0
DA:833,0
DA:835,0
DA:837,0
DA:838,0
DA:839,0
DA:840,0
DA:841,0
DA:842,0
DA:843,0
DA:845,0
DA:846,0
DA:847,0
DA:850,0
DA:857,1
DA:861,1
DA:862,3
DA:866,1
DA:870,3
DA:871,3
DA:872,1
DA:873,3
DA:876,1
DA:880,3
DA:881,3
DA:882,1
DA:883,3
DA:886,1
DA:890,3
DA:891,1
DA:892,3
LF:405
LH:58
end_of_record
TN:
SF:/projects/ai/greentic-ng/greentic-messaging-providers/components/messaging-provider-telegram/src/bindings.rs
FNF:0
DA:1217,0
DA:1219,0
DA:1220,0
DA:1221,0
DA:1222,0
DA:1223,0
DA:1224,0
DA:1225,0
DA:1226,0
DA:1227,0
DA:1231,0
DA:1232,0
DA:1233,0
DA:1234,0
DA:1235,0
DA:1236,0
DA:1237,0
DA:1238,0
DA:1285,0
DA:1286,0
DA:1287,0
DA:1289,0
DA:1290,0
DA:1292,0
DA:1293,0
DA:1294,0
DA:1295,0
DA:1296,0
DA:1297,0
DA:1298,0
DA:1299,0
DA:1303,0
DA:1304,0
DA:1305,0
DA:1306,0
DA:1307,0
DA:1308,0
DA:1309,0
DA:1310,0
DA:1387,0
DA:1389,0
DA:1390,0
DA:1391,0
DA:1392,0
DA:1393,0
DA:1394,0
DA:1395,0
DA:1396,0
DA:1397,0
DA:1401,0
DA:1402,0
DA:1403,0
DA:1404,0
DA:1405,0
DA:1406,0
DA:1407,0
DA:1408,0
DA:1418,0
DA:1420,0
DA:1421,0
DA:1423,0
DA:1424,0
DA:1425,0
DA:1426,0
DA:1427,0
DA:1428,0
DA:1429,0
DA:1430,0
DA:1434,0
DA:1435,0
DA:1436,0
DA:1437,0
DA:1438,0
DA:1439,0
DA:1440,0
DA:1441,0
DA:1495,0
DA:1497,0
DA:1498,0
DA:1499,0
DA:1500,0
DA:1502,0
DA:1503,0
DA:1505,0
DA:1506,0
DA:1507,0
DA:1508,0
DA:1510,0
DA:1512,0
DA:1514,0
DA:1515,0
DA:1516,0
DA:1518,0
DA:1519,0
DA:1520,0
DA:1521,0
DA:1522,0
DA:1523,0
DA:1524,0
DA:1525,0
DA:1528,0
DA:1529,0
DA:1530,0
DA:1534,0
DA:1535,0
DA:1536,0
DA:1537,0
DA:1538,0
DA:1539,0
DA:1540,0
DA:1541,0
DA:1542,0
DA:1543,0
DA:1545,0
DA:1546,0
DA:1547,0
DA:1548,0
DA:1549,0
DA:1553,0
DA:1554,0
DA:1555,0
DA:1565,0
DA:1566,0
DA:1567,0
DA:1568,0
DA:1569,0
DA:1570,0
DA:1571,0
DA:1572,0
DA:1573,0
DA:1574,0
DA:1575,0
DA:1579,0
DA:1580,0
DA:1581,0
DA:1582,0
DA:1583,0
DA:1584,0
DA:1585,0
DA:1586,0
DA:1638,0
DA:1639,0
DA:1645,0
DA:1646,0
DA:1651,0
DA:1652,0
DA:1657,0
DA:1658,0
DA:1663,0
DA:1664,0
DA:1669,0
DA:1670,0
DA:1675,0
DA:1676,0
DA:1681,0
DA:1682,0
DA:1687,0
DA:1688,0
DA:1693,0
DA:1694,0
DA:1697,0
DA:1698,0
DA:1704,0
DA:1705,0
DA:1710,0
DA:1711,0
DA:1716,0
DA:1717,0
DA:1734,0
DA:1736,0
DA:1845,0
DA:1846,0
LF:172
LH:0
end_of_record
TN:
SF:/projects/ai/greentic-ng/greentic-messaging-providers/components/messaging-provider-telegram/src/config.rs
FNF:0
DA:33,1
DA:36,1
DA:38,1
DA:43,1
DA:44,1
DA:45,1
DA:47,1
DA:48,1
DA:50,1
DA:52,1
DA:53,0
DA:55,2
DA:57,1
DA:59,1
DA:62,1
DA:63,3
DA:64,1
DA:65,1
DA:70,0
DA:71,0
DA:72,0
DA:73,0
DA:76,1
DA:77,1
DA:78,1
DA:80,1
DA:81,2
DA:82,0
DA:84,2
DA:85,2
DA:87,2
DA:88,0
DA:90,2
DA:91,0
DA:93,2
DA:94,2
DA:96,2
DA:97,1
DA:100,1
DA:102,1
DA:103,1
DA:104,2
DA:105,1
DA:109,1
DA:110,2
DA:111,2
DA:113,1
DA:116,0
DA:120,0
DA:121,0
DA:122,0
DA:123,0
DA:126,0
DA:127,0
DA:128,0
DA:131,0
LF:56
LH:39
end_of_record
TN:
SF:/projects/ai/greentic-ng/greentic-messaging-providers/components/messaging-provider-telegram/src/describe.rs
FN:182,build_describe_payload
FN:242,build_qa_spec
FN:270,input_schema
FN:286,output_schema
FN:312,config_schema
FN:364,i18n_bundle
FNF:6
FNDA:2,build_describe_payload
FNDA:2,build_qa_spec
FNDA:2,input_schema
FNDA:2,output_schema
FNDA:2,config_schema
FNDA:0,i18n_bundle
DA:182,2
DA:183,2
DA:184,2
DA:185,2
DA:187,2
DA:188,2
DA:189,6
DA:231,1
DA:232,2
DA:233,2
DA:234,6
DA:238,2
DA:242,2
DA:246,2
DA:247,2
DA:248,1
DA:249,1
DA:250,1
DA:253,2
DA:260,4
DA:261,5
DA:262,1
DA:263,1
DA:267,2
DA:270,2
DA:274,4
DA:277,2
DA:286,2
DA:290,4
DA:294,2
DA:302,2
DA:312,2
DA:316,4
DA:320,1
DA:328,2
DA:337,2
DA:345,2
DA:354,2
DA:364,0
DA:365,0
DA:366,0
DA:368,0
DA:372,0
DA:374,0
LF:44
LH:38
end_of_record
TN:
SF:/projects/ai/greentic-ng/greentic-messaging-providers/components/messaging-provider-telegram/src/lib.rs
FN:70,<impl Guest for Component>::qa_spec
FN:74,<impl Guest for Component>::apply_answers
FN:83,<impl Guest for Component>::i18n_keys
FN:87,<impl Guest for Component>::i18n_bundle
FN:93,<impl Guest for Component>::describe
FN:97,<impl Guest for Component>::validate_config
FN:101,<impl Guest for Component>::healthcheck
FN:105,<impl Guest for Component>::invoke
FN:128,apply_answers_bridge
FN:139,dispatch_json_invoke
FN:171,apply_answers_impl
FN:273,existing_config_from_answers
FN:281,optional_string_from
FN:297,string_or_default
FNF:14
FNDA:0,<impl Guest for Component>::qa_spec
FNDA:3,<impl Guest for Component>::apply_answers
FNDA:0,<impl Guest for Component>::i18n_keys
FNDA:0,<impl Guest for Component>::i18n_bundle
FNDA:0,<impl Guest for Component>::describe
FNDA:0,<impl Guest for Component>::validate_config
FNDA:0,<impl Guest for Component>::healthcheck
FNDA:0,<impl Guest for Component>::invoke
FNDA:0,apply_answers_bridge
FNDA:0,dispatch_json_invoke
FNDA:3,apply_answers_impl
FNDA:2,existing_config_from_answers
FNDA:1,optional_string_from
FNDA:1,string_or_default
DA:14,6
DA:46,0
DA:47,0
DA:52,0
DA:53,0
DA:54,0
DA:55,0
DA:56,0
DA:57,0
DA:61,0
DA:62,0
DA:63,0
DA:64,0
DA:65,0
DA:70,0
DA:71,0
DA:74,3
DA:78,3
DA:83,0
DA:84,0
DA:87,0
DA:88,0
DA:93,0
DA:94,0
DA:97,0
DA:98,0
DA:101,0
DA:102,0
DA:105,0
DA:107,0
DA:108,0
DA:116,0
DA:118,0
DA:128,0
DA:130,0
DA:131,0
DA:132,0
DA:133,0
DA:134,0
DA:136,0
DA:139,0
DA:140,0
DA:141,0
DA:142,0
DA:143,0
DA:144,0
DA:145,0
DA:146,0
DA:147,0
DA:148,0
DA:171,3
DA:177,6
DA:178,3
DA:179,0
DA:180,0
DA:182,0
DA:183,0
DA:184,0
DA:185,0
DA:190,6
DA:191,1
DA:193,1
DA:194,1
DA:196,2
DA:197,1
DA:198,1
DA:199,1
DA:200,1
DA:201,1
DA:204,1
DA:205,1
DA:209,3
DA:210,2
DA:211,5
DA:213,5
DA:214,1
DA:215,1
DA:216,1
DA:217,1
DA:218,2
DA:219,1
DA:220,2
DA:221,1
DA:222,1
DA:223,1
DA:224,0
DA:226,2
DA:229,2
DA:230,1
DA:231,0
DA:232,0
DA:233,0
DA:234,0
DA:236,2
DA:237,0
DA:238,0
DA:240,3
DA:241,1
DA:243,2
DA:244,0
DA:246,2
DA:247,0
DA:249,2
DA:250,0
DA:254,2
DA:255,1
DA:257,1
DA:258,1
DA:259,1
DA:260,1
DA:264,1
DA:266,1
DA:267,1
DA:268,1
DA:269,1
DA:273,2
DA:277,4
DA:278,3
DA:281,1
DA:282,1
DA:283,1
DA:284,1
DA:285,1
DA:286,2
DA:287,0
DA:289,1
DA:292,0
DA:293,0
DA:297,1
DA:299,1
DA:300,1
DA:301,1
DA:302,3
DA:303,1
DA:304,3
LF:135
LH:69
end_of_record
TN:
SF:/projects/ai/greentic-ng/greentic-messaging-providers/components/messaging-provider-telegram/src/ops.rs
FN:18,handle_send
FN:381,handle_reply
FN:479,ingest_http
FN:632,render_plan
FN:642,render_plan_inner
FN:660,encode_op
FN:807,send_payload
FN:830,forward_send_payload
FN:852,build_telegram_envelope
FN:895,build_synthetic_envelope
FN:990,ac_to_telegram
FN:1033,ac_element_to_html
FN:1469,collect_actions
FN:1506,has_pending_text_inputs
FN:1514,first_input_placeholder
FN:1538,label_from_items
FN:1570,collect_text_blocks
FN:1596,collect_select_action
FN:1626,compact_callback_data
FN:1643,html_escape
FN:1650,truncate_html
FN:1662,build_inline_keyboard_from_metadata
FN:1736,tg_send_message
FN:1753,tg_send_media
FN:1800,setup_webhook
FN:1930,extract_message_text
FN:1938,extract_chat_id
FN:1946,extract_from_user
FN:1954,extract_ids
FNF:29
FNDA:0,handle_send
FNDA:0,handle_reply
FNDA:0,ingest_http
FNDA:0,render_plan
FNDA:0,render_plan_inner
FNDA:0,encode_op
FNDA:0,send_payload
FNDA:0,forward_send_payload
FNDA:0,build_telegram_envelope
FNDA:0,build_synthetic_envelope
FNDA:0,ac_to_telegram
FNDA:0,ac_element_to_html
FNDA:0,collect_actions
FNDA:0,has_pending_text_inputs
FNDA:0,first_input_placeholder
FNDA:0,label_from_items
FNDA:0,collect_text_blocks
FNDA:0,collect_select_action
FNDA:0,compact_callback_data
FNDA:0,html_escape
FNDA:0,truncate_html
FNDA:0,build_inline_keyboard_from_metadata
FNDA:0,tg_send_message
FNDA:0,tg_send_media
FNDA:0,setup_webhook
FNDA:0,extract_message_text
FNDA:0,extract_chat_id
FNDA:0,extract_from_user
FNDA:0,extract_ids
DA:18,0
DA:19,0
DA:20,0
DA:21,0
DA:22,0
DA:26,0
DA:27,0
DA:28,0
DA:30,0
DA:31,0
DA:34,0
DA:35,0
DA:36,0
DA:37,0
DA:38,0
DA:42,0
DA:45,0
DA:46,0
DA:47,0
DA:48,0
DA:49,0
DA:50,0
DA:53,0
DA:57,0
DA:62,0
DA:63,0
DA:64,0
DA:65,0
DA:66,0
DA:69,0
DA:70,0
DA:71,0
DA:72,0
DA:75,0
DA:76,0
DA:77,0
DA:80,0
DA:81,0
DA:82,0
DA:84,0
DA:85,0
DA:86,0
DA:87,0
DA:89,0
DA:93,0
DA:94,0
DA:95,0
DA:98,0
DA:101,0
DA:104,0
DA:105,0
DA:106,0
DA:111,0
DA:114,0
DA:116,0
DA:117,0
DA:119,0
DA:123,0
DA:126,0
DA:128,0
DA:129,0
DA:130,0
DA:131,0
DA:133,0
DA:134,0
DA:136,0
DA:139,0
DA:140,0
DA:141,0
DA:142,0
DA:144,0
DA:145,0
DA:147,0
DA:150,0
DA:151,0
DA:152,0
DA:153,0
DA:155,0
DA:156,0
DA:158,0
DA:161,0
DA:162,0
DA:163,0
DA:164,0
DA:166,0
DA:167,0
DA:169,0
DA:172,0
DA:173,0
DA:174,0
DA:175,0
DA:177,0
DA:178,0
DA:180,0
DA:183,0
DA:184,0
DA:185,0
DA:188,0
DA:189,0
DA:190,0
DA:191,0
DA:193,0
DA:196,0
DA:197,0
DA:199,0
DA:201,0
DA:202,0
DA:203,0
DA:205,0
DA:206,0
DA:207,0
DA:208,0
DA:209,0
DA:210,0
DA:211,0
DA:212,0
DA:218,0
DA:220,0
DA:221,0
DA:225,0
DA:231,0
DA:234,0
DA:239,0
DA:240,0
DA:243,0
DA:244,0
DA:246,0
DA:248,0
DA:249,0
DA:251,0
DA:253,0
DA:260,0
DA:263,0
DA:264,0
DA:265,0
DA:270,0
DA:271,0
DA:272,0
DA:273,0
DA:276,0
DA:277,0
DA:279,0
DA:281,0
DA:282,0
DA:284,0
DA:287,0
DA:288,0
DA:289,0
DA:290,0
DA:292,0
DA:293,0
DA:296,0
DA:297,0
DA:298,0
DA:305,0
DA:309,0
DA:310,0
DA:312,0
DA:314,0
DA:315,0
DA:316,0
DA:317,0
DA:319,0
DA:321,0
DA:325,0
DA:326,0
DA:330,0
DA:331,0
DA:332,0
DA:333,0
DA:336,0
DA:338,0
DA:339,0
DA:340,0
DA:345,0
DA:346,0
DA:347,0
DA:348,0
DA:350,0
DA:354,0
DA:355,0
DA:356,0
DA:358,0
DA:367,0
DA:368,0
DA:369,0
DA:370,0
DA:371,0
DA:372,0
DA:373,0
DA:375,0
DA:378,0
DA:381,0
DA:382,0
DA:383,0
DA:384,0
DA:385,0
DA:389,0
DA:390,0
DA:391,0
DA:393,0
DA:394,0
DA:397,0
DA:398,0
DA:399,0
DA:400,0
DA:402,0
DA:403,0
DA:406,0
DA:407,0
DA:408,0
DA:409,0
DA:410,0
DA:412,0
DA:413,0
DA:416,0
DA:418,0
DA:419,0
DA:421,0
DA:422,0
DA:425,0
DA:426,0
DA:427,0
DA:430,0
DA:433,0
DA:434,0
DA:435,0
DA:441,0
DA:443,0
DA:444,0
DA:447,0
DA:448,0
DA:449,0
DA:450,0
DA:452,0
DA:457,0
DA:458,0
DA:460,0
DA:464,0
DA:465,0
DA:466,0
DA:468,0
DA:479,0
DA:482,0
DA:483,0
DA:484,0
DA:486,0
DA:487,0
DA:488,0
DA:490,0
DA:493,0
DA:494,0
DA:495,0
DA:504,0
DA:505,0
DA:507,0
DA:510,0
DA:511,0
DA:512,0
DA:513,0
DA:515,0
DA:517,0
DA:523,0
DA:529,0
DA:530,0
DA:535,0
DA:536,0
DA:539,0
DA:540,0
DA:541,0
DA:542,0
DA:544,0
DA:546,0
DA:549,0
DA:550,0
DA:551,0
DA:555,0
DA:556,0
DA:557,0
DA:559,0
DA:561,0
DA:562,0
DA:564,0
DA:566,0
DA:567,0
DA:569,0
DA:571,0
DA:578,0
DA:581,0
DA:582,0
DA:583,0
DA:585,0
DA:588,0
DA:589,0
DA:590,0
DA:591,0
DA:592,0
DA:597,0
DA:598,0
DA:600,0
DA:601,0
DA:603,0
DA:604,0
DA:606,0
DA:608,0
DA:609,0
DA:611,0
DA:615,0
DA:622,0
DA:625,0
DA:626,0
DA:627,0
DA:629,0
DA:632,0
DA:633,0
DA:634,0
DA:635,0
DA:636,0
DA:637,0
DA:642,0
DA:660,0
DA:661,0
DA:662,0
DA:663,0
DA:668,0
DA:669,0
DA:671,0
DA:672,0
DA:674,0
DA:675,0
DA:676,0
DA:677,0
DA:679,0
DA:680,0
DA:681,0
DA:683,0
DA:684,0
DA:685,0
DA:687,0
DA:690,0
DA:691,0
DA:693,0
DA:695,0
DA:703,0
DA:706,0
DA:709,0
DA:710,0
DA:711,0
DA:712,0
DA:717,0
DA:718,0
DA:719,0
DA:720,0
DA:721,0
DA:722,0
DA:723,0
DA:724,0
DA:726,0
DA:727,0
DA:729,0
DA:735,0
DA:736,0
DA:737,0
DA:738,0
DA:739,0
DA:740,0
DA:741,0
DA:742,0
DA:744,0
DA:745,0
DA:746,0
DA:748,0
DA:750,0
DA:751,0
DA:753,0
DA:755,0
DA:756,0
DA:757,0
DA:763,0
DA:766,0
DA:767,0
DA:768,0
DA:769,0
DA:770,0
DA:771,0
DA:772,0
DA:773,0
DA:774,0
DA:775,0
DA:776,0
DA:777,0
DA:778,0
DA:779,0
DA:781,0
DA:785,0
DA:786,0
DA:789,0
DA:792,0
DA:793,0
DA:795,0
DA:796,0
DA:798,0
DA:800,0
DA:801,0
DA:802,0
DA:804,0
DA:807,0
DA:808,0
DA:809,0
DA:810,0
DA:811,0
DA:814,0
DA:815,0
DA:817,0
DA:818,0
DA:819,0
DA:820,0
DA:823,0
DA:824,0
DA:825,0
DA:826,0
DA:830,0
DA:831,0
DA:833,0
DA:834,0
DA:836,0
DA:838,0
DA:840,0
DA:841,0
DA:845,0
DA:846,0
DA:847,0
DA:848,0
DA:852,0
DA:857,0
DA:858,0
DA:859,0
DA:860,0
DA:861,0
DA:862,0
DA:864,0
DA:865,0
DA:867,0
DA:868,0
DA:869,0
DA:870,0
DA:872,0
DA:873,0
DA:874,0
DA:875,0
DA:878,0
DA:881,0
DA:882,0
DA:883,0
DA:884,0
DA:889,0
DA:890,0
DA:895,0
DA:899,0
DA:901,0
DA:902,0
DA:903,0
DA:904,0
DA:905,0
DA:907,0
DA:909,0
DA:910,0
DA:911,0
DA:912,0
DA:913,0
DA:914,0
DA:916,0
DA:917,0
DA:918,0
DA:919,0
DA:920,0
DA:923,0
DA:924,0
DA:927,0
DA:928,0
DA:929,0
DA:930,0
DA:931,0
DA:932,0
DA:933,0
DA:934,0
DA:935,0
DA:936,0
DA:937,0
DA:938,0
DA:990,0
DA:991,0
DA:992,0
DA:993,0
DA:995,0
DA:996,0
DA:997,0
DA:998,0
DA:1000,0
DA:1001,0
DA:1011,0
DA:1012,0
DA:1015,0
DA:1016,0
DA:1017,0
DA:1022,0
DA:1024,0
DA:1026,0
DA:1027,0
DA:1028,0
DA:1033,0
DA:1040,0
DA:1042,0
DA:1046,0
DA:1049,0
DA:1052,0
DA:1055,0
DA:1056,0
DA:1058,0
DA:1059,0
DA:1062,0
DA:1065,0
DA:1067,0
DA:1068,0
DA:1069,0
DA:1071,0
DA:1074,0
DA:1075,0
DA:1076,0
DA:1077,0
DA:1079,0
DA:1081,0
DA:1084,0
DA:1085,0
DA:1086,0
DA:1087,0
DA:1088,0
DA:1089,0
DA:1091,0
DA:1092,0
DA:1094,0
DA:1097,0
DA:1098,0
DA:1100,0
DA:1101,0
DA:1103,0
DA:1105,0
DA:1107,0
DA:1110,0
DA:1112,0
DA:1114,0
DA:1117,0
DA:1119,0
DA:1121,0
DA:1122,0
DA:1124,0
DA:1126,0
DA:1128,0
DA:1131,0
DA:1134,0
DA:1135,0
DA:1136,0
DA:1138,0
DA:1141,0
DA:1143,0
DA:1145,0
DA:1146,0
DA:1151,0
DA:1152,0
DA:1153,0
DA:1157,0
DA:1158,0
DA:1159,0
DA:1160,0
DA:1161,0
DA:1167,0
DA:1168,0
DA:1169,0
DA:1170,0
DA:1171,0
DA:1173,0
DA:1175,0
DA:1177,0
DA:1179,0
DA:1180,0
DA:1182,0
DA:1183,0
DA:1187,0
DA:1188,0
DA:1193,0
DA:1194,0
DA:1195,0
DA:1196,0
DA:1197,0
DA:1198,0
DA:1199,0
DA:1200,0
DA:1202,0
DA:1203,0
DA:1207,0
DA:1209,0
DA:1210,0
DA:1211,0
DA:1212,0
DA:1217,0
DA:1218,0
DA:1221,0
DA:1225,0
DA:1226,0
DA:1227,0
DA:1228,0
DA:1232,0
DA:1235,0
DA:1236,0
DA:1237,0
DA:1241,0
DA:1243,0
DA:1244,0
DA:1245,0
DA:1246,0
DA:1248,0
DA:1249,0
DA:1251,0
DA:1252,0
DA:1253,0
DA:1254,0
DA:1255,0
DA:1256,0
DA:1259,0
DA:1260,0
DA:1261,0
DA:1262,0
DA:1263,0
DA:1264,0
DA:1265,0
DA:1266,0
DA:1270,0
DA:1271,0
DA:1272,0
DA:1274,0
DA:1275,0
DA:1276,0
DA:1277,0
DA:1278,0
DA:1279,0
DA:1280,0
DA:1281,0
DA:1282,0
DA:1284,0
DA:1287,0
DA:1290,0
DA:1291,0
DA:1293,0
DA:1300,0
DA:1303,0
DA:1307,0
DA:1311,0
DA:1313,0
DA:1314,0
DA:1315,0
DA:1316,0
DA:1318,0
DA:1320,0
DA:1321,0
DA:1323,0
DA:1325,0
DA:1327,0
DA:1330,0
DA:1331,0
DA:1332,0
DA:1333,0
DA:1334,0
DA:1336,0
DA:1341,0
DA:1344,0
DA:1348,0
DA:1350,0
DA:1351,0
DA:1352,0
DA:1356,0
DA:1357,0
DA:1358,0
DA:1359,0
DA:1360,0
DA:1361,0
DA:1362,0
DA:1363,0
DA:1364,0
DA:1367,0
DA:1371,0
DA:1372,0
DA:1373,0
DA:1374,0
DA:1375,0
DA:1377,0
DA:1379,0
DA:1380,0
DA:1381,0
DA:1382,0
DA:1383,0
DA:1385,0
DA:1390,0
DA:1393,0
DA:1395,0
DA:1398,0
DA:1402,0
DA:1404,0
DA:1406,0
DA:1407,0
DA:1408,0
DA:1409,0
DA:1411,0
DA:1412,0
DA:1413,0
DA:1414,0
DA:1416,0
DA:1417,0
DA:1418,0
DA:1419,0
DA:1420,0
DA:1421,0
DA:1423,0
DA:1428,0
DA:1432,0
DA:1434,0
DA:1437,0
DA:1439,0
DA:1440,0
DA:1442,0
DA:1444,0
DA:1445,0
DA:1447,0
DA:1451,0
DA:1452,0
DA:1453,0
DA:1454,0
DA:1455,0
DA:1457,0
DA:1469,0
DA:1470,0
DA:1473,0
DA:1477,0
DA:1479,0
DA:1483,0
DA:1484,0
DA:1485,0
DA:1487,0
DA:1488,0
DA:1489,0
DA:1490,0
DA:1492,0
DA:1494,0
DA:1499,0
DA:1506,0
DA:1509,0
DA:1510,0
DA:1514,0
DA:1517,0
DA:1518,0
DA:1519,0
DA:1520,0
DA:1521,0
DA:1522,0
DA:1523,0
DA:1524,0
DA:1526,0
DA:1538,0
DA:1540,0
DA:1541,0
DA:1544,0
DA:1545,0
DA:1546,0
DA:1547,0
DA:1548,0
DA:1549,0
DA:1551,0
DA:1552,0
DA:1553,0
DA:1558,0
DA:1559,0
DA:1560,0
DA:1561,0
DA:1562,0
DA:1566,0
DA:1570,0
DA:1571,0
DA:1572,0
DA:1573,0
DA:1574,0
DA:1575,0
DA:1576,0
DA:1577,0
DA:1578,0
DA:1579,0
DA:1584,0
DA:1585,0
DA:1586,0
DA:1589,0
DA:1596,0
DA:1597,0
DA:1598,0
DA:1601,0
DA:1602,0
DA:1607,0
DA:1608,0
DA:1609,0
DA:1610,0
DA:1611,0
DA:1614,0
DA:1615,0
DA:1616,0
DA:1618,0
DA:1620,0
DA:1626,0
DA:1627,0
DA:1628,0
DA:1629,0
DA:1631,0
DA:1632,0
DA:1634,0
DA:1636,0
DA:1638,0
DA:1643,0
DA:1644,0
DA:1650,0
DA:1651,0
DA:1652,0
DA:1654,0
DA:1655,0
DA:1662,0
DA:1665,0
DA:1666,0
DA:1667,0
DA:1669,0
DA:1670,0
DA:1671,0
DA:1673,0
DA:1674,0
DA:1675,0
DA:1676,0
DA:1677,0
DA:1678,0
DA:1680,0
DA:1682,0
DA:1683,0
DA:1686,0
DA:1687,0
DA:1688,0
DA:1690,0
DA:1693,0
DA:1694,0
DA:1698,0
DA:1699,0
DA:1700,0
DA:1701,0
DA:1705,0
DA:1706,0
DA:1709,0
DA:1710,0
DA:1711,0
DA:1715,0
DA:1716,0
DA:1718,0
DA:1722,0
DA:1723,0
DA:1725,0
DA:1726,0
DA:1729,0
DA:1730,0
DA:1732,0
DA:1736,0
DA:1741,0
DA:1742,0
DA:1744,0
DA:1746,0
DA:1747,0
DA:1749,0
DA:1753,0
DA:1759,0
DA:1760,0
DA:1762,0
DA:1764,0
DA:1765,0
DA:1767,0
DA:1768,0
DA:1769,0
DA:1772,0
DA:1773,0
DA:1774,0
DA:1775,0
DA:1777,0
DA:1783,0
DA:1800,0
DA:1801,0
DA:1802,0
DA:1803,0
DA:1804,0
DA:1809,0
DA:1811,0
DA:1812,0
DA:1814,0
DA:1815,0
DA:1816,0
DA:1818,0
DA:1819,0
DA:1821,0
DA:1822,0
DA:1825,0
DA:1827,0
DA:1828,0
DA:1829,0
DA:1830,0
DA:1832,0
DA:1834,0
DA:1835,0
DA:1842,0
DA:1844,0
DA:1845,0
DA:1847,0
DA:1848,0
DA:1849,0
DA:1853,0
DA:1854,0
DA:1855,0
DA:1859,0
DA:1861,0
DA:1862,0
DA:1864,0
DA:1865,0
DA:1866,0
DA:1868,0
DA:1870,0
DA:1872,0
DA:1875,0
DA:1878,0
DA:1879,0
DA:1883,0
DA:1885,0
DA:1886,0
DA:1887,0
DA:1888,0
DA:1891,0
DA:1892,0
DA:1893,0
DA:1896,0
DA:1897,0
DA:1899,0
DA:1900,0
DA:1902,0
DA:1904,0
DA:1906,0
DA:1908,0
DA:1915,0
DA:1917,0
DA:1922,0
DA:1924,0
DA:1930,0
DA:1933,0
DA:1938,0
DA:1941,0
DA:1942,0
DA:1943,0
DA:1946,0
DA:1949,0
DA:1950,0
DA:1951,0
DA:1954,0
DA:1957,0
DA:1958,0
DA:1959,0
DA:1960,0
DA:1961,0
DA:1963,0
DA:1964,0
DA:1965,0
LF:975
LH:0
end_of_record
TN:
SF:/projects/ai/greentic-ng/greentic-messaging-providers/components/messaging-provider-webchat/src/bindings.rs
FNF:0
DA:1999,0
DA:2001,0
DA:2002,0
DA:2003,0
DA:2004,0
DA:2005,0
DA:2006,0
DA:2007,0
DA:2008,0
DA:2009,0
DA:2013,0
DA:2014,0
DA:2015,0
DA:2016,0
DA:2017,0
DA:2018,0
DA:2019,0
DA:2020,0
DA:2067,0
DA:2068,0
DA:2069,0
DA:2071,0
DA:2072,0
DA:2074,0
DA:2075,0
DA:2076,0
DA:2077,0
DA:2078,0
DA:2079,0
DA:2080,0
DA:2081,0
DA:2085,0
DA:2086,0
DA:2087,0
DA:2088,0
DA:2089,0
DA:2090,0
DA:2091,0
DA:2092,0
DA:2169,0
DA:2171,0
DA:2172,0
DA:2173,0
DA:2174,0
DA:2175,0
DA:2176,0
DA:2177,0
DA:2178,0
DA:2179,0
DA:2183,0
DA:2184,0
DA:2185,0
DA:2186,0
DA:2187,0
DA:2188,0
DA:2189,0
DA:2190,0
DA:2200,0
DA:2202,0
DA:2203,0
DA:2205,0
DA:2206,0
DA:2207,0
DA:2208,0
DA:2209,0
DA:2210,0
DA:2211,0
DA:2212,0
DA:2216,0
DA:2217,0
DA:2218,0
DA:2219,0
DA:2220,0
DA:2221,0
DA:2222,0
DA:2223,0
DA:2277,0
DA:2279,0
DA:2280,0
DA:2281,0
DA:2282,0
DA:2284,0
DA:2285,0
DA:2287,0
DA:2288,0
DA:2289,0
DA:2290,0
DA:2292,0
DA:2294,0
DA:2296,0
DA:2297,0
DA:2298,0
DA:2300,0
DA:2301,0
DA:2302,0
DA:2303,0
DA:2304,0
DA:2305,0
DA:2306,0
DA:2307,0
DA:2310,0
DA:2311,0
DA:2312,0
DA:2316,0
DA:2317,0
DA:2318,0
DA:2319,0
DA:2320,0
DA:2321,0
DA:2322,0
DA:2323,0
DA:2324,0
DA:2325,0
DA:2327,0
DA:2328,0
DA:2329,0
DA:2330,0
DA:2331,0
DA:2335,0
DA:2336,0
DA:2337,0
DA:2347,0
DA:2348,0
DA:2349,0
DA:2350,0
DA:2351,0
DA:2352,0
DA:2353,0
DA:2354,0
DA:2355,0
DA:2356,0
DA:2357,0
DA:2361,0
DA:2362,0
DA:2363,0
DA:2364,0
DA:2365,0
DA:2366,0
DA:2367,0
DA:2368,0
DA:2428,0
DA:2430,0
DA:2431,0
DA:2432,0
DA:2433,0
DA:2434,0
DA:2435,0
DA:2436,0
DA:2437,0
DA:2438,0
DA:2442,0
DA:2443,0
DA:2444,0
DA:2445,0
DA:2446,0
DA:2447,0
DA:2448,0
DA:2449,0
DA:2458,0
DA:2460,0
DA:2462,0
DA:2463,0
DA:2464,0
DA:2465,0
DA:2466,0
DA:2467,0
DA:2468,0
DA:2469,0
DA:2473,0
DA:2474,0
DA:2475,0
DA:2476,0
DA:2477,0
DA:2478,0
DA:2479,0
DA:2480,0
DA:2484,0
DA:2486,0
DA:2487,0
DA:2488,0
DA:2489,0
DA:2490,0
DA:2491,0
DA:2492,0
DA:2493,0
DA:2494,0
DA:2498,0
DA:2499,0
DA:2500,0
DA:2501,0
DA:2502,0
DA:2503,0
DA:2504,0
DA:2505,0
DA:2516,0
DA:2517,0
DA:2518,0
DA:2520,0
DA:2521,0
DA:2523,0
DA:2524,0
DA:2525,0
DA:2526,0
DA:2527,0
DA:2528,0
DA:2529,0
DA:2530,0
DA:2534,0
DA:2535,0
DA:2536,0
DA:2537,0
DA:2538,0
DA:2539,0
DA:2540,0
DA:2541,0
DA:2616,0
DA:2618,0
DA:2625,0
DA:2626,0
DA:2632,0
DA:2633,0
DA:2638,0
DA:2639,0
DA:2644,0
DA:2645,0
DA:2648,0
DA:2649,0
DA:2655,0
DA:2656,0
DA:2661,0
DA:2662,0
DA:2667,0
DA:2668,0
DA:2673,0
DA:2674,0
DA:2679,0
DA:2680,0
DA:2685,0
DA:2686,0
DA:2691,0
DA:2692,0
DA:2697,0
DA:2698,0
DA:2703,0
DA:2704,0
DA:2832,0
DA:2833,0
LF:247
LH:0
end_of_record
TN:
SF:/projects/ai/greentic-ng/greentic-messaging-providers/components/messaging-provider-webchat/src/config.rs
FNF:0
DA:34,1
DA:35,1
DA:38,1
DA:41,1
DA:42,1
DA:49,2
DA:50,2
DA:51,2
DA:53,2
DA:54,2
DA:56,2
DA:57,2
DA:59,2
DA:60,2
DA:63,1
DA:66,2
DA:67,4
DA:68,0
DA:70,4
DA:71,4
DA:72,4
DA:74,9
DA:75,4
DA:77,2
DA:80,3
DA:81,9
DA:82,3
DA:83,3
DA:86,4
DA:87,5
DA:88,3
DA:90,2
DA:91,6
DA:99,4
DA:100,2
DA:103,2
DA:104,2
DA:107,4
DA:112,2
DA:113,5
DA:114,5
DA:115,1
LF:42
LH:41
end_of_record
TN:
SF:/projects/ai/greentic-ng/greentic-messaging-providers/components/messaging-provider-webchat/src/describe.rs
FN:183,build_describe_payload
FN:231,build_qa_spec
FN:244,input_schema
FN:260,output_schema
FN:286,config_schema
FN:346,i18n_bundle
FNF:6
FNDA:2,build_describe_payload
FNDA:2,build_qa_spec
FNDA:2,input_schema
FNDA:2,output_schema
FNDA:2,config_schema
FNDA:0,i18n_bundle
DA:183,2
DA:184,1
DA:185,2
DA:186,2
DA:188,2
DA:189,2
DA:190,6
DA:223,2
DA:224,2
DA:225,2
DA:226,2
DA:227,2
DA:231,2
DA:235,1
DA:236,2
DA:237,1
DA:238,1
DA:239,1
DA:241,2
DA:244,2
DA:248,3
DA:251,2
DA:260,2
DA:264,4
DA:268,2
DA:276,1
DA:286,2
DA:290,4
DA:294,2
DA:302,2
DA:311,2
DA:319,2
DA:327,2
DA:335,2
DA:346,0
DA:347,0
DA:348,0
DA:350,0
DA:354,0
DA:356,0
LF:40
LH:34
end_of_record
TN:
SF:/projects/ai/greentic-ng/greentic-messaging-providers/components/messaging-provider-webchat/src/directline/host.rs
FN:9,<impl StateStore for HostStateStore>::read
FN:28,<impl StateStore for HostStateStore>::write
FN:39,<impl SecretStore for HostSecretStore>::get
FNF:3
FNDA:0,<impl StateStore for HostStateStore>::read
FNDA:0,<impl StateStore for HostStateStore>::write
FNDA:0,<impl SecretStore for HostSecretStore>::get
DA:9,0
DA:10,0
DA:11,0
DA:12,0
DA:13,0
DA:15,0
DA:18,0
DA:19,0
DA:20,0
DA:22,0
DA:28,0
DA:29,0
DA:30,0
DA:31,0
DA:39,0
DA:40,0
DA:41,0
DA:42,0
LF:18
LH:0
end_of_record
TN:
SF:/projects/ai/greentic-ng/greentic-messaging-providers/components/messaging-provider-webchat/src/directline/http.rs
FN:31,handle_directline_request
FN:80,handle_tokens
FN:118,handle_conversations
FN:176,handle_post_activities
FN:253,handle_get_activities
FN:314,enforce_rate_limit
FN:342,read_rate_limit_state
FN:355,write_conversation_state
FN:367,load_conversation_state
FN:379,activity_to_value
FN:410,validate_attachments
FN:438,parse_watermark
FN:453,rate_limit_key
FN:463,load_signing_key
FN:476,parse_context
FN:500,parse_query
FN:518,decode_json_body
FN:534,extract_user_id
FN:543,extract_bearer
FN:559,method_is
FN:563,json_headers
FN:584,respond_json
FN:594,respond_error
FN:604,respond_bad_request
FN:608,respond_not_found
FN:612,method_not_allowed
FN:620,respond_not_implemented
FN:624,respond_unauthorized
FN:628,respond_forbidden
FN:632,respond_cors_preflight
FNF:30
FNDA:1,handle_directline_request
FNDA:1,handle_tokens
FNDA:1,handle_conversations
FNDA:1,handle_post_activities
FNDA:1,handle_get_activities
FNDA:1,enforce_rate_limit
FNDA:1,read_rate_limit_state
FNDA:1,write_conversation_state
FNDA:1,load_conversation_state
FNDA:1,activity_to_value
FNDA:1,validate_attachments
FNDA:1,parse_watermark
FNDA:1,rate_limit_key
FNDA:1,load_signing_key
FNDA:1,parse_context
FNDA:1,parse_query
FNDA:1,decode_json_body
FNDA:1,extract_user_id
FNDA:1,extract_bearer
FNDA:1,method_is
FNDA:1,json_headers
FNDA:1,respond_json
FNDA:1,respond_error
FNDA:0,respond_bad_request
FNDA:0,respond_not_found
FNDA:0,method_not_allowed
FNDA:0,respond_not_implemented
FNDA:0,respond_unauthorized
FNDA:1,respond_forbidden
FNDA:0,respond_cors_preflight
DA:31,1
DA:40,1
DA:41,0
DA:45,1
DA:46,0
DA:49,1
DA:50,0
DA:55,1
DA:56,3
DA:57,2
DA:59,0
DA:60,3
DA:61,2
DA:63,0
DA:64,3
DA:65,2
DA:66,1
DA:67,2
DA:69,2
DA:70,2
DA:72,0
DA:75,0
DA:76,0
DA:80,1
DA:85,1
DA:86,5
DA:87,1
DA:88,0
DA:89,0
DA:91,2
DA:92,1
DA:93,2
DA:94,0
DA:97,2
DA:98,1
DA:99,0
DA:102,2
DA:105,2
DA:106,0
DA:107,0
DA:113,0
DA:118,1
DA:123,1
DA:124,1
DA:125,0
DA:127,2
DA:128,1
DA:129,0
DA:131,2
DA:132,1
DA:133,0
DA:136,2
DA:137,2
DA:140,1
DA:141,2
DA:142,2
DA:143,2
DA:145,2
DA:146,0
DA:149,3
DA:150,1
DA:151,1
DA:152,1
DA:153,1
DA:155,1
DA:156,0
DA:157,0
DA:158,0
DA:159,0
DA:160,0
DA:167,2
DA:168,0
DA:169,0
DA:170,0
DA:171,0
DA:176,1
DA:186,1
DA:187,1
DA:188,0
DA:190,2
DA:191,1
DA:192,0
DA:194,2
DA:195,1
DA:196,0
DA:199,2
DA:200,2
DA:203,1
DA:204,2
DA:205,1
DA:206,0
DA:209,2
DA:210,0
DA:213,2
DA:214,1
DA:215,1
DA:216,0
DA:219,2
DA:220,0
DA:224,2
DA:225,0
DA:230,0
DA:234,0
DA:239,2
DA:241,1
DA:244,2
DA:246,1
DA:247,0
DA:250,2
DA:253,1
DA:263,1
DA:264,1
DA:265,0
DA:267,2
DA:268,1
DA:269,0
DA:271,2
DA:272,1
DA:273,0
DA:276,2
DA:277,0
DA:280,1
DA:281,2
DA:282,1
DA:283,0
DA:286,2
DA:287,0
DA:290,2
DA:291,1
DA:292,0
DA:295,1
DA:296,0
DA:298,3
DA:299,1
DA:300,1
DA:302,1
DA:307,2
DA:308,0
DA:309,1
DA:314,1
DA:315,2
DA:316,0
DA:317,1
DA:318,0
DA:321,1
DA:322,1
DA:325,0
DA:326,0
DA:327,0
DA:328,0
DA:332,1
DA:333,1
DA:334,0
DA:337,0
DA:338,2
DA:339,1
DA:342,1
DA:346,2
DA:347,0
DA:348,0
DA:349,0
DA:350,1
DA:351,0
DA:355,1
DA:360,2
DA:361,1
DA:362,0
DA:363,2
DA:364,1
DA:367,1
DA:371,2
DA:372,2
DA:373,1
DA:374,0
DA:375,0
DA:379,1
DA:380,1
DA:381,1
DA:382,0
DA:383,0
DA:384,0
DA:385,0
DA:388,2
DA:389,1
DA:391,1
DA:392,3
DA:393,1
DA:394,2
DA:395,1
DA:396,1
DA:397,2
DA:399,1
DA:400,2
DA:402,3
DA:403,1
DA:404,2
DA:405,1
DA:407,1
DA:410,1
DA:411,1
DA:412,0
DA:413,1
DA:416,0
DA:419,0
DA:421,0
DA:422,0
DA:427,0
DA:428,0
DA:429,0
DA:431,0
DA:435,0
DA:438,1
DA:439,1
DA:440,3
DA:441,2
DA:442,0
DA:444,2
DA:446,1
DA:447,1
DA:449,1
DA:453,1
DA:454,2
DA:458,1
[...]
FN:527,qa_spec_for_mode
FN:591,load_config_generic
FNF:30
FNDA:9,json_bytes
FNDA:18,i18n
FNDA:11,op
FNDA:17,qa_q
FNDA:3,string_or_default
FNDA:1,optional_string_from
FNDA:8,existing_config_from_answers
FNDA:0,render_plan_error
FNDA:0,encode_error
FNDA:12,decode_encode_message
FNDA:1,send_payload_error
FNDA:0,send_payload_success
FNDA:0,cbor_json_invoke_bridge
FNDA:0,schema_core_describe
FNDA:0,schema_core_validate_config
FNDA:0,schema_core_healthcheck
FNDA:0,extract_ac_summary
FNDA:0,extract_ac_plan
FNDA:0,render_plan_common
FNDA:0,send_payload_dispatch
FNDA:2,i18n_keys_from
FNDA:0,i18n_bundle_default
FNDA:0,i18n_bundle_from_pairs
FNDA:16,schema_str
FNDA:15,schema_str_fmt
FNDA:14,schema_secret
FNDA:17,schema_bool_ir
FNDA:15,schema_obj
FNDA:18,qa_spec_for_mode
FNDA:0,load_config_generic
DA:29,9
DA:30,11
DA:38,18
DA:40,15
DA:45,11
DA:47,12
DA:48,12
DA:49,11
DA:54,17
DA:56,17
DA:57,17
DA:71,3
DA:73,3
DA:74,3
DA:75,3
DA:76,10
DA:77,4
DA:82,1
DA:83,1
DA:84,1
DA:85,1
DA:86,1
DA:87,2
DA:88,0
DA:90,1
DA:93,0
DA:98,8
DA:99,0
DA:102,18
DA:103,10
DA:111,0
DA:112,0
DA:116,0
DA:117,0
DA:130,12
DA:131,12
DA:132,12
DA:133,0
DA:134,0
DA:135,0
DA:143,1
DA:144,1
DA:146,1
DA:152,0
DA:153,0
DA:169,0
DA:175,0
DA:176,0
DA:177,0
DA:178,0
DA:179,0
DA:183,0
DA:184,0
DA:185,0
DA:187,0
DA:189,0
DA:190,0
DA:191,0
DA:192,0
DA:196,0
DA:197,0
DA:201,0
DA:202,0
DA:206,0
DA:207,0
DA:232,0
DA:233,0
DA:234,0
DA:235,0
DA:236,0
DA:256,0
DA:257,0
DA:258,0
DA:259,0
DA:260,0
DA:261,0
DA:262,0
DA:264,0
DA:265,0
DA:273,0
DA:274,0
DA:275,0
DA:276,0
DA:279,0
DA:283,0
DA:285,0
DA:286,0
DA:287,0
DA:291,0
DA:297,0
DA:302,0
DA:303,0
DA:305,0
DA:310,0
DA:313,0
DA:317,0
DA:318,0
DA:320,0
DA:322,0
DA:323,0
DA:324,0
DA:325,0
DA:326,0
DA:330,0
DA:333,0
DA:336,0
DA:337,0
DA:338,0
DA:342,0
DA:345,0
DA:346,0
DA:354,0
DA:362,0
DA:364,0
DA:365,0
DA:382,0
DA:383,0
DA:384,0
DA:385,0
DA:388,0
DA:389,0
DA:391,0
DA:392,0
DA:393,0
DA:394,0
DA:395,0
DA:398,0
DA:399,0
DA:400,0
DA:401,0
DA:402,0
DA:404,0
DA:406,0
DA:407,0
DA:409,0
DA:411,0
DA:413,0
DA:422,2
DA:423,6
DA:427,0
DA:428,0
DA:429,0
DA:431,0
DA:433,0
DA:434,0
DA:438,0
DA:439,0
DA:440,0
DA:442,0
DA:446,0
DA:448,0
DA:456,16
DA:458,16
DA:459,16
DA:466,15
DA:468,15
DA:469,15
DA:470,30
DA:476,14
DA:478,13
DA:479,14
DA:486,17
DA:488,17
DA:489,17
DA:494,15
DA:500,16
DA:501,66
DA:502,34
DA:505,17
DA:506,17
DA:527,18
DA:533,18
DA:534,18
DA:535,13
DA:537,31
DA:538,14
DA:539,14
DA:540,45
DA:541,48
DA:545,34
DA:546,51
DA:549,16
DA:553,10
DA:554,30
DA:560,10
DA:563,8
DA:564,24
DA:570,8
DA:573,9
DA:574,27
DA:576,9
DA:577,9
DA:591,0
DA:592,0
DA:593,0
DA:594,0
DA:596,0
DA:597,0
DA:598,0
DA:599,0
DA:602,0
DA:603,0
DA:604,0
DA:606,0
LF:204
LH:76
end_of_record
TN:
SF:/projects/ai/greentic-ng/greentic-messaging-providers/crates/provider-common/src/http_compat.rs
FN:16,parse_operator_http_in
FN:22,parse_operator_http_in_with_config
FN:26,parse_operator_http_in_inner
FN:108,parse_headers
FN:138,http_out_v1_bytes
FN:159,http_out_error
FNF:6
FNDA:2,parse_operator_http_in
FNDA:0,parse_operator_http_in_with_config
FNDA:2,parse_operator_http_in_inner
FNDA:2,parse_headers
FNDA:2,http_out_v1_bytes
FNDA:0,http_out_error
DA:16,2
DA:17,2
DA:22,0
DA:23,0
DA:26,2
DA:30,2
DA:33,6
DA:38,6
DA:43,6
DA:44,6
DA:45,2
DA:48,0
DA:49,0
DA:50,0
DA:51,0
DA:52,0
DA:53,0
DA:54,0
DA:57,0
DA:59,4
DA:60,0
DA:61,2
DA:62,2
DA:64,2
DA:65,0
DA:66,0
DA:67,0
DA:68,0
DA:70,0
DA:74,6
DA:75,2
DA:77,0
DA:80,0
DA:82,2
DA:85,2
DA:86,2
DA:89,2
DA:90,2
DA:91,4
DA:92,0
DA:94,2
DA:96,2
DA:97,2
DA:98,2
DA:99,2
DA:100,2
DA:101,2
DA:102,2
DA:103,2
DA:104,2
DA:108,2
DA:109,2
DA:110,2
DA:112,3
DA:113,1
DA:114,3
DA:115,4
DA:116,1
DA:117,0
DA:118,0
DA:120,0
DA:121,0
DA:122,0
DA:123,0
DA:124,0
DA:126,0
DA:130,0
DA:138,2
DA:139,2
DA:140,4
DA:141,4
DA:143,4
DA:144,2
DA:146,2
DA:147,0
DA:148,0
DA:149,0
DA:152,4
DA:155,4
DA:159,0
DA:162,0
DA:163,0
DA:164,0
DA:166,0
LF:84
LH:48
end_of_record
TN:
SF:/projects/ai/greentic-ng/greentic-messaging-providers/crates/provider-common/src/lib.rs
FN:31,ProviderError::validation
FN:35,ProviderError::transport
FN:39,ProviderError::other
FN:43,ProviderError::missing_secret
FN:94,CapabilitiesResponseV1::new
FNF:5
FNDA:0,ProviderError::validation
FNDA:0,ProviderError::transport
FNDA:0,ProviderError::other
FNDA:0,ProviderError::missing_secret
FNDA:0,CapabilitiesResponseV1::new
DA:31,0
DA:32,0
DA:35,0
DA:36,0
DA:39,0
DA:40,0
DA:43,0
DA:44,0
DA:46,0
DA:47,0
DA:48,0
DA:94,0
DA:100,0
LF:13
LH:0
end_of_record
TN:
SF:/projects/ai/greentic-ng/greentic-messaging-providers/crates/provider-common/src/lifecycle_keys.rs
FN:10,messaging_config_key
FN:16,messaging_provenance_key
FN:26,messaging_state_key
FN:39,legacy_messaging_config_keys
FN:51,legacy_messaging_provenance_keys
FN:62,base_key
FN:73,legacy_base_keys
FNF:7
FNDA:0,messaging_config_key
FNDA:0,messaging_provenance_key
FNDA:0,messaging_state_key
FNDA:0,legacy_messaging_config_keys
FNDA:0,legacy_messaging_provenance_keys
FNDA:0,base_key
FNDA:0,legacy_base_keys
DA:10,0
DA:11,0
DA:12,0
DA:13,0
DA:16,0
DA:21,0
DA:22,0
DA:23,0
DA:26,0
DA:32,0
DA:33,0
DA:34,0
DA:35,0
DA:39,0
DA:44,0
DA:46,0
DA:51,0
DA:56,0
DA:58,0
DA:62,0
DA:63,0
DA:64,0
DA:65,0
DA:66,0
DA:67,0
DA:68,0
DA:70,0
DA:73,0
DA:74,0
DA:75,0
DA:76,0
DA:78,0
DA:79,0
DA:80,0
DA:81,0
DA:83,0
DA:84,0
DA:87,0
DA:90,0
DA:92,0
LF:40
LH:0
end_of_record
TN:
SF:/projects/ai/greentic-ng/greentic-messaging-providers/crates/provider-common/src/qa_helpers.rs
FN:37,ApplyAnswersResult<C>::success
FN:48,ApplyAnswersResult<C>::remove
FN:62,ApplyAnswersResult<C>::remove_default
FN:72,ApplyAnswersResult<C>::validation_error
FN:83,ApplyAnswersResult<C>::decode_error
FNF:5
FNDA:4,ApplyAnswersResult<C>::success
FNDA:4,ApplyAnswersResult<C>::remove
FNDA:1,ApplyAnswersResult<C>::remove_default
FNDA:3,ApplyAnswersResult<C>::validation_error
FNDA:0,ApplyAnswersResult<C>::decode_error
DA:37,4
DA:40,4
DA:42,4
DA:48,4
DA:52,4
DA:56,4
DA:62,1
DA:64,0
DA:65,1
DA:66,3
DA:67,1
DA:72,3
DA:77,3
DA:78,3
DA:83,0
DA:88,0
DA:89,0
LF:17
LH:13
end_of_record
TN:
SF:/projects/ai/greentic-ng/greentic-messaging-providers/crates/provider-common/src/qa_invoke_bridge.rs
FN:31,dispatch_qa_ops
FN:45,dispatch_qa_ops_with_i18n
FN:70,bridge_qa_spec
FN:86,bridge_apply_answers
FN:119,bridge_i18n_keys
FN:128,bridge_i18n_bundle
FN:142,extract_mode
FNF:7
FNDA:0,dispatch_qa_ops
FNDA:0,dispatch_qa_ops_with_i18n
FNDA:0,bridge_qa_spec
FNDA:0,bridge_apply_answers
FNDA:0,bridge_i18n_keys
FNDA:0,bridge_i18n_bundle
FNDA:0,extract_mode
DA:31,0
DA:32,0
DA:33,0
DA:34,0
DA:35,0
DA:36,0
DA:37,0
DA:38,0
DA:45,0
DA:55,0
DA:56,0
DA:57,0
DA:58,0
DA:59,0
DA:60,0
DA:62,0
DA:63,0
DA:64,0
DA:65,0
DA:70,0
DA:76,0
DA:77,0
DA:78,0
DA:86,0
DA:90,0
DA:91,0
DA:92,0
DA:93,0
DA:97,0
DA:101,0
DA:103,0
DA:104,0
DA:106,0
DA:109,0
DA:110,0
DA:112,0
DA:113,0
DA:114,0
DA:119,0
DA:120,0
DA:121,0
DA:128,0
DA:129,0
DA:131,0
DA:132,0
DA:133,0
DA:135,0
DA:136,0
DA:137,0
DA:142,0
DA:143,0
DA:145,0
DA:146,0
LF:53
LH:0
end_of_record
TN:
SF:/projects/ai/greentic-ng/greentic-messaging-providers/crates/provider-common/src/test_macros.rs
FNF:0
DA:41,6
DA:42,2
DA:43,4
DA:47,6
DA:48,2
DA:49,4
DA:50,4
DA:52,2
DA:53,2
DA:54,2
DA:55,2
DA:58,2
DA:59,2
DA:63,6
DA:64,2
DA:65,2
DA:66,6
DA:67,2
DA:68,10
DA:74,6
DA:75,0
DA:76,4
DA:80,6
DA:81,0
DA:82,4
DA:91,6
DA:92,2
DA:93,2
DA:95,2
DA:96,6
DA:97,2
DA:98,4
DA:99,4
DA:103,6
DA:105,2
DA:107,2
DA:108,2
DA:112,2
DA:113,2
DA:114,2
DA:115,4
DA:118,2
DA:119,2
DA:122,2
DA:123,2
DA:124,6
DA:125,2
DA:126,2
DA:127,2
DA:131,6
DA:133,2
DA:134,2
DA:136,2
DA:139,4
DA:140,2
DA:141,2
DA:142,4
DA:145,2
DA:146,2
DA:147,2
DA:148,2
DA:149,0
DA:150,2
LF:63
LH:60
end_of_record
TN:
SF:/projects/ai/greentic-ng/greentic-messaging-providers/crates/provider-runtime-config/src/lib.rs
FNF:0
DA:23,2
DA:26,1
DA:27,4
DA:28,2
DA:34,2
DA:35,2
DA:36,1
DA:38,1
DA:41,1
DA:104,0
DA:106,0
LF:11
LH:9
end_of_record
TN:
SF:/projects/ai/greentic-ng/greentic-messaging-providers/crates/provider-tests/src/flow_gen.rs
FN:25,generate_flow_via_cli
FN:90,flow_cmd
FN:104,run_flow_cmd
FN:120,find_in_path
FN:125,find_executable_in_dir
FNF:5
FNDA:2,generate_flow_via_cli
FNDA:2,flow_cmd
FNDA:2,run_flow_cmd
FNDA:2,find_in_path
FNDA:2,find_executable_in_dir
DA:25,2
DA:26,2
DA:27,4
DA:28,2
DA:31,6
DA:35,4
DA:36,2
DA:37,2
DA:46,2
DA:47,0
DA:48,0
DA:49,0
DA:50,0
DA:53,0
DA:54,0
DA:55,0
DA:57,0
DA:59,0
DA:61,0
DA:63,0
DA:64,0
DA:65,0
DA:67,0
DA:70,0
DA:71,0
DA:74,0
DA:76,0
DA:78,0
DA:79,0
DA:84,0
DA:87,2
DA:90,2
DA:91,2
DA:92,0
DA:95,4
DA:96,2
DA:99,0
DA:100,0
DA:101,0
DA:104,2
DA:105,2
DA:106,4
DA:107,2
DA:110,0
DA:111,0
DA:112,0
DA:114,0
DA:120,2
DA:121,2
DA:122,8
DA:125,2
DA:126,2
DA:127,4
DA:128,2
DA:136,2
LF:55
LH:26
end_of_record
TN:
SF:/projects/ai/greentic-ng/greentic-messaging-providers/crates/provider-tests/src/harness/instantiate.rs
FN:12,instantiate_provider
FNF:1
FNDA:0,instantiate_provider
DA:12,0
DA:14,0
DA:24,0
DA:25,0
DA:34,0
DA:35,0
LF:6
LH:0
end_of_record
TN:
SF:/projects/ai/greentic-ng/greentic-messaging-providers/crates/provider-tests/src/harness/mod.rs
FN:36,TestHostState::with_secrets
FN:54,TestHostState::with_default_secrets
FN:60,<impl Default for TestHostState>::default
FN:66,<impl WasiView for TestHostState>::ctx
FN:74,default_http_handler
FN:86,<impl HttpClientHostV1_1 for TestHostState>::send
FN:99,<impl SecretsStoreHostV1_1 for TestHostState>::get
FN:103,<impl SecretsStoreHostV1_1 for TestHostState>::put
FN:109,<impl StateStoreHost for TestHostState>::read
FN:120,<impl StateStoreHost for TestHostState>::write
FN:132,<impl StateStoreHost for TestHostState>::delete
FN:144,add_wasmtime_hosts
FN:158,http_client_v1_1_host
FN:162,add_http_client_http_client_world
FN:180,add_http_client_client_world
FN:205,alias_request_to_host
FN:214,alias_request_options_to_host
FN:224,alias_tenant_ctx_to_host
FN:250,alias_response_from_host
FN:258,alias_error_from_host
FN:267,add_wasi_to_linker
FN:271,new_engine
FN:277,workspace_root
FN:287,ensure_components_built
FN:314,component_path
FN:377,default_secret_values
FNF:26
FNDA:0,TestHostState::with_secrets
FNDA:0,TestHostState::with_default_secrets
FNDA:0,<impl Default for TestHostState>::default
FNDA:0,<impl WasiView for TestHostState>::ctx
FNDA:0,default_http_handler
FNDA:0,<impl HttpClientHostV1_1 for TestHostState>::send
FNDA:0,<impl SecretsStoreHostV1_1 for TestHostState>::get
FNDA:0,<impl SecretsStoreHostV1_1 for TestHostState>::put
FNDA:0,<impl StateStoreHost for TestHostState>::read
FNDA:0,<impl StateStoreHost for TestHostState>::write
FNDA:0,<impl StateStoreHost for TestHostState>::delete
FNDA:0,add_wasmtime_hosts
FNDA:0,http_client_v1_1_host
FNDA:0,add_http_client_http_client_world
FNDA:0,add_http_client_client_world
FNDA:0,alias_request_to_host
FNDA:0,alias_request_options_to_host
FNDA:0,alias_tenant_ctx_to_host
FNDA:0,alias_response_from_host
FNDA:0,alias_error_from_host
FNDA:0,add_wasi_to_linker
FNDA:0,new_engine
FNDA:0,workspace_root
FNDA:0,ensure_components_built
FNDA:0,component_path
FNDA:0,default_secret_values
DA:36,0
DA:46,0
DA:47,0
DA:48,0
DA:50,0
DA:54,0
DA:55,0
DA:60,0
DA:61,0
DA:66,0
DA:68,0
DA:74,0
DA:77,0
DA:78,0
DA:80,0
DA:81,0
DA:86,0
DA:92,0
DA:93,0
DA:94,0
DA:99,0
DA:100,0
DA:103,0
DA:104,0
DA:109,0
DA:114,0
DA:115,0
DA:116,0
DA:120,0
DA:126,0
DA:127,0
DA:128,0
DA:132,0
DA:137,0
DA:138,0
DA:139,0
DA:144,0
DA:147,0
DA:148,0
DA:149,0
DA:150,0
DA:153,0
DA:154,0
DA:155,0
DA:158,0
DA:162,0
DA:163,0
DA:164,0
DA:166,0
DA:167,0
DA:172,0
DA:173,0
DA:174,0
DA:177,0
DA:180,0
DA:181,0
DA:182,0
DA:184,0
DA:185,0
DA:190,0
DA:191,0
DA:192,0
DA:193,0
DA:194,0
DA:196,0
DA:197,0
DA:198,0
DA:202,0
DA:205,0
DA:207,0
DA:208,0
DA:209,0
DA:210,0
DA:214,0
DA:218,0
DA:219,0
DA:220,0
DA:224,0
DA:228,0
DA:229,0
DA:230,0
DA:231,0
DA:232,0
DA:233,0
DA:234,0
DA:235,0
DA:236,0
DA:237,0
DA:238,0
DA:239,0
DA:240,0
DA:241,0
DA:242,0
DA:243,0
DA:244,0
DA:245,0
DA:246,0
DA:250,0
DA:252,0
DA:253,0
DA:254,0
DA:258,0
DA:262,0
DA:263,0
DA:267,0
DA:268,0
DA:271,0
DA:272,0
DA:273,0
DA:274,0
DA:277,0
DA:278,0
DA:280,0
DA:287,0
DA:288,0
DA:289,0
DA:290,0
DA:293,0
DA:295,0
DA:296,0
DA:297,0
DA:298,0
DA:299,0
DA:301,0
DA:302,0
DA:304,0
DA:305,0
DA:307,0
DA:308,0
DA:309,0
DA:310,0
DA:314,0
DA:315,0
DA:316,0
DA:317,0
DA:318,0
DA:319,0
DA:321,0
DA:322,0
DA:323,0
DA:324,0
DA:325,0
DA:326,0
DA:327,0
DA:328,0
DA:329,0
DA:331,0
DA:332,0
DA:333,0
DA:334,0
DA:335,0
DA:338,0
DA:339,0
DA:340,0
DA:341,0
DA:342,0
DA:345,0
DA:348,0
DA:351,0
DA:355,0
DA:356,0
DA:357,0
DA:360,0
DA:377,0
DA:378,0
DA:379,0
DA:380,0
DA:382,0
LF:168
LH:0
end_of_record
TN:
SF:/projects/ai/greentic-ng/greentic-messaging-providers/crates/provider-tests/src/universal.rs
FN:49,ProviderId::component_name
FN:148,provider_spec
FN:192,ProviderHarness::new
FN:221,ProviderHarness::new_with_state
FN:250,ProviderHarness::call
FN:269,log_component_artifact
FN:292,instantiate_error
FN:326,fixtures_root
FN:335,load_http_fixture
FN:341,http_input_from_fixture
FN:364,build_envelope
FN:403,send_payload_body
FN:463,send_payload_in
FN:480,decode_challenge
FN:507,SchemaCoreHarness::new
FN:541,SchemaCoreHarness::call
FNF:16
FNDA:0,ProviderId::component_name
FNDA:0,provider_spec
FNDA:0,ProviderHarness::new
FNDA:0,ProviderHarness::new_with_state
FNDA:0,ProviderHarness::call
FNDA:0,log_component_artifact
FNDA:0,instantiate_error
FNDA:0,fixtures_root
FNDA:0,load_http_fixture
FNDA:0,http_input_from_fixture
FNDA:0,build_envelope
FNDA:0,send_payload_body
FNDA:0,send_payload_in
FNDA:0,decode_challenge
FNDA:0,SchemaCoreHarness::new
FNDA:0,SchemaCoreHarness::call
DA:49,0
DA:50,0
DA:51,0
DA:52,0
DA:53,0
DA:54,0
DA:55,0
DA:56,0
DA:57,0
DA:58,0
DA:148,0
DA:151,0
DA:192,0
DA:193,0
DA:194,0
DA:195,0
DA:196,0
DA:197,0
DA:198,0
DA:199,0
DA:200,0
DA:201,0
DA:202,0
DA:203,0
DA:204,0
DA:205,0
DA:206,0
DA:208,0
DA:209,0
DA:211,0
DA:212,0
DA:213,0
DA:214,0
DA:216,0
DA:221,0
DA:222,0
DA:223,0
DA:224,0
DA:225,0
DA:226,0
DA:227,0
DA:228,0
DA:229,0
DA:230,0
DA:231,0
DA:232,0
DA:233,0
DA:234,0
DA:235,0
DA:237,0
DA:238,0
DA:240,0
DA:241,0
DA:242,0
DA:243,0
DA:245,0
DA:250,0
DA:251,0
DA:252,0
DA:253,0
DA:255,0
DA:257,0
DA:258,0
DA:259,0
DA:260,0
DA:263,0
DA:264,0
DA:265,0
DA:269,0
DA:270,0
DA:271,0
DA:272,0
DA:273,0
DA:274,0
DA:277,0
DA:278,0
DA:280,0
DA:282,0
DA:284,0
DA:292,0
DA:293,0
DA:294,0
DA:298,0
DA:302,0
DA:307,0
DA:309,0
DA:310,0
DA:312,0
DA:314,0
DA:315,0
DA:316,0
DA:317,0
DA:318,0
DA:326,0
DA:327,0
DA:328,0
DA:329,0
DA:330,0
DA:331,0
DA:332,0
DA:335,0
DA:336,0
DA:337,0
DA:338,0
DA:341,0
DA:342,0
DA:346,0
DA:348,0
DA:350,0
DA:353,0
DA:354,0
DA:355,0
DA:357,0
DA:358,0
DA:364,0
DA:365,0
DA:366,0
DA:367,0
DA:368,0
DA:369,0
DA:370,0
DA:371,0
DA:372,0
DA:373,0
DA:374,0
DA:375,0
DA:376,0
DA:377,0
DA:380,0
DA:381,0
DA:382,0
DA:383,0
DA:385,0
DA:390,0
DA:397,0
DA:398,0
DA:403,0
DA:404,0
DA:405,0
DA:410,0
DA:415,0
DA:426,0
DA:437,0
DA:442,0
DA:447,0
DA:457,0
DA:463,0
DA:464,0
DA:465,0
DA:467,0
DA:468,0
DA:469,0
DA:472,0
DA:477,0
DA:480,0
DA:481,0
DA:482,0
DA:485,0
DA:487,0
DA:507,0
DA:508,0
DA:509,0
DA:510,0
DA:511,0
DA:512,0
DA:513,0
DA:514,0
DA:515,0
DA:516,0
DA:517,0
DA:518,0
DA:519,0
DA:520,0
DA:527,0
DA:528,0
DA:530,0
DA:531,0
DA:532,0
DA:533,0
DA:535,0
DA:541,0
DA:542,0
DA:544,0
DA:545,0
DA:546,0
DA:547,0
DA:550,0
DA:551,0
LF:188
LH:0
end_of_record
TN:
SF:/projects/ai/greentic-ng/greentic-messaging-providers/crates/provider-tests/tests/pack_doctor_loads_validator.rs
FNF:0
DA:1,1
DA:9,1
DA:10,1
DA:11,1
DA:12,3
DA:13,1
DA:14,1
DA:15,1
DA:17,1
DA:18,1
DA:19,2
DA:20,2
DA:21,1
DA:22,2
DA:23,2
DA:24,2
DA:26,2
DA:28,3
DA:29,1
DA:30,1
DA:32,2
DA:33,2
DA:34,1
DA:35,3
DA:36,3
DA:37,2
DA:38,1
DA:42,2
DA:43,2
DA:44,1
DA:45,1
DA:46,2
DA:48,1
DA:49,3
DA:50,2
DA:51,1
DA:52,1
DA:53,1
DA:54,1
DA:55,1
DA:56,1
DA:57,1
DA:58,3
DA:59,2
DA:60,0
DA:62,2
DA:63,2
DA:65,2
DA:66,2
DA:67,2
DA:68,6
DA:69,4
DA:70,3
DA:73,1
DA:74,1
DA:75,2
DA:76,1
DA:77,1
DA:78,0
DA:79,1
DA:80,3
DA:81,1
DA:82,0
DA:83,0
DA:85,0
DA:87,1
DA:88,1
DA:90,5
DA:91,3
DA:93,1
DA:94,2
DA:95,1
DA:96,2
DA:97,3
DA:98,2
DA:99,2
DA:100,2
DA:101,1
DA:102,2
DA:103,2
DA:104,2
DA:105,1
DA:106,0
DA:108,2
DA:110,1
DA:111,3
DA:112,3
DA:113,1
DA:114,2
DA:117,4
DA:120,4
DA:123,4
DA:128,8
DA:129,2
DA:131,2
DA:132,4
DA:134,1
DA:135,1
DA:136,1
DA:137,1
DA:138,2
DA:139,2
DA:140,1
DA:141,1
DA:146,2
DA:147,1
DA:150,2
DA:152,1
DA:153,1
DA:154,2
DA:156,2
DA:157,2
DA:158,4
DA:159,2
DA:161,3
DA:162,2
DA:163,2
DA:164,2
DA:165,2
DA:166,2
DA:167,2
DA:168,2
DA:169,2
DA:170,2
DA:171,2
DA:172,1
DA:173,2
DA:174,2
DA:175,2
DA:176,1
DA:178,0
DA:179,3
DA:181,0
DA:182,0
DA:183,0
DA:184,0
DA:185,0
DA:186,0
DA:189,0
DA:190,0
DA:191,0
DA:196,0
DA:199,3
DA:200,1
DA:201,2
DA:202,2
DA:204,3
DA:205,1
DA:206,1
DA:207,1
DA:208,1
DA:209,1
DA:210,1
DA:212,1
DA:213,2
DA:214,1
DA:216,2
DA:217,2
DA:218,1
DA:219,1
DA:220,1
DA:221,0
DA:222,1
DA:223,2
DA:224,1
DA:225,1
DA:228,0
DA:229,0
DA:230,0
DA:231,0
DA:232,0
DA:233,0
DA:234,0
DA:235,0
DA:236,0
DA:237,0
DA:238,0
DA:240,0
DA:241,0
DA:242,0
DA:243,0
DA:244,0
DA:246,0
DA:248,0
DA:249,0
DA:250,0
DA:251,0
DA:252,0
DA:253,0
DA:254,0
DA:255,0
DA:258,0
DA:259,0
DA:261,0
DA:262,0
DA:263,0
DA:264,0
DA:265,0
DA:266,0
DA:271,0
DA:272,5
DA:275,3
DA:276,1
DA:277,2
DA:278,2
DA:280,3
DA:281,1
DA:282,1
DA:283,1
DA:284,1
DA:285,1
DA:286,1
DA:288,1
DA:289,2
DA:290,1
DA:292,2
DA:293,2
DA:294,1
DA:295,1
DA:296,1
DA:297,1
DA:298,0
DA:299,1
DA:300,2
DA:301,1
DA:302,1
DA:305,0
DA:306,0
DA:307,0
DA:308,0
DA:309,0
DA:310,0
DA:311,0
DA:312,0
DA:313,0
DA:315,0
DA:316,0
DA:317,0
DA:318,0
DA:319,0
DA:321,0
DA:323,0
DA:324,0
DA:325,0
DA:326,0
DA:327,0
DA:328,0
DA:329,0
DA:333,0
DA:334,0
DA:335,0
DA:336,0
DA:337,0
DA:338,0
DA:339,0
DA:340,0
DA:345,0
DA:346,5
LF:258
LH:174
end_of_record
TN:
SF:/projects/ai/greentic-ng/greentic-messaging-providers/crates/provider-tests/tests/packs_consistency.rs
FNF:0
DA:1,1
DA:9,1
DA:10,1
DA:11,1
DA:12,3
DA:13,1
DA:14,1
DA:15,1
DA:17,1
DA:18,1
DA:19,2
DA:20,2
DA:21,1
DA:22,1
DA:25,0
DA:26,2
DA:29,3
DA:30,1
DA:31,2
DA:32,3
DA:33,2
DA:34,1
DA:35,2
DA:39,1
DA:40,2
DA:41,0
DA:42,2
DA:44,0
DA:46,0
DA:47,2
DA:49,0
DA:52,2
DA:53,1
DA:54,4
DA:55,2
DA:57,1
DA:58,1
DA:59,1
DA:60,1
DA:61,2
DA:62,1
DA:63,1
DA:64,1
DA:65,1
DA:66,1
DA:67,1
DA:68,1
DA:69,1
DA:70,1
DA:71,1
DA:75,0
DA:79,2
DA:80,2
DA:81,1
DA:82,1
DA:83,1
DA:84,1
DA:85,1
DA:86,1
DA:87,1
DA:88,0
DA:89,2
DA:91,0
DA:92,0
DA:94,0
DA:95,2
DA:97,0
DA:99,1
DA:103,1
DA:104,1
DA:105,3
DA:107,1
DA:108,2
DA:109,1
DA:110,3
DA:111,3
DA:113,0
DA:115,0
DA:122,2
DA:124,1
DA:125,1
DA:126,1
DA:127,1
DA:128,1
DA:132,0
DA:135,1
DA:136,1
DA:137,3
DA:138,1
DA:140,2
DA:141,1
DA:142,2
DA:143,0
DA:144,2
DA:146,0
DA:148,2
DA:149,0
DA:150,2
DA:152,0
DA:154,2
DA:155,1
DA:156,1
DA:157,3
DA:158,1
DA:160,1
DA:161,1
DA:162,1
DA:163,1
DA:164,0
DA:165,0
DA:166,0
DA:167,0
DA:168,0
DA:169,2
DA:172,0
DA:174,1
DA:179,1
DA:180,1
DA:181,3
DA:182,3
DA:183,1
DA:185,2
DA:186,0
DA:187,2
DA:189,0
DA:191,2
DA:192,0
DA:193,2
DA:195,0
DA:197,2
DA:198,6
DA:200,1
DA:201,2
LF:133
LH:105
end_of_record
TN:
SF:/projects/ai/greentic-ng/greentic-messaging-providers/crates/questions-cli/src/main.rs
FN:29,main
FN:37,read_spec_json
FN:65,ask_questions
FN:105,parse_answer
FN:116,format_prompt
FN:129,print_help
FNF:6
FNDA:0,main
FNDA:0,read_spec_json
FNDA:0,ask_questions
FNDA:0,parse_answer
FNDA:0,format_prompt
FNDA:0,print_help
DA:29,0
DA:30,0
DA:31,0
DA:32,0
DA:33,0
DA:34,0
DA:37,0
DA:38,0
DA:39,0
DA:40,0
DA:41,0
DA:42,0
DA:43,0
DA:45,0
DA:46,0
DA:47,0
DA:49,0
DA:53,0
DA:54,0
DA:57,0
DA:58,0
DA:59,0
DA:60,0
DA:62,0
DA:65,0
DA:66,0
DA:67,0
DA:68,0
DA:69,0
DA:70,0
DA:72,0
DA:73,0
DA:75,0
DA:76,0
DA:77,0
DA:78,0
DA:79,0
DA:82,0
DA:83,0
DA:84,0
DA:86,0
DA:89,0
DA:92,0
DA:93,0
DA:95,0
DA:100,0
DA:102,0
DA:105,0
DA:107,0
DA:108,0
DA:109,0
DA:111,0
DA:112,0
DA:116,0
DA:117,0
DA:120,0
DA:122,0
DA:123,0
DA:125,0
DA:126,0
DA:129,0
DA:130,0
DA:131,0
LF:63
LH:0
end_of_record
TN:
SF:/projects/ai/greentic-ng/greentic-messaging-providers/crates/webchat-directline-core/src/directline/store.rs
FN:27,RateLimitState::new
FN:34,RateLimitState::bump
FNF:2
FNDA:1,RateLimitState::new
FNDA:1,RateLimitState::bump
DA:27,1
DA:34,1
DA:40,1
DA:41,0
DA:42,0
DA:44,1
DA:45,0
DA:47,1
DA:48,1
LF:9
LH:6
end_of_record
